Started GET "/lookup" for 127.0.0.1 at 2018-10-08 14:54:14 +1100
  
ActionController::RoutingError (uninitialized constant StocksController):
  
bootsnap (1.3.2) lib/bootsnap/load_path_cache/core_ext/active_support.rb:74:in `block in load_missing_constant'
bootsnap (1.3.2) lib/bootsnap/load_path_cache/core_ext/active_support.rb:8:in `without_bootsnap_cache'
bootsnap (1.3.2) lib/bootsnap/load_path_cache/core_ext/active_support.rb:74:in `rescue in load_missing_constant'
bootsnap (1.3.2) lib/bootsnap/load_path_cache/core_ext/active_support.rb:57:in `load_missing_constant'
activesupport (5.2.1) lib/active_support/inflector/methods.rb:283:in `const_get'
activesupport (5.2.1) lib/active_support/inflector/methods.rb:283:in `block in constantize'
activesupport (5.2.1) lib/active_support/inflector/methods.rb:281:in `each'
activesupport (5.2.1) lib/active_support/inflector/methods.rb:281:in `inject'
activesupport (5.2.1) lib/active_support/inflector/methods.rb:281:in `constantize'
actionpack (5.2.1) lib/action_dispatch/http/request.rb:88:in `controller_class_for'
actionpack (5.2.1) lib/action_dispatch/http/request.rb:81:in `controller_class'
actionpack (5.2.1) lib/action_dispatch/routing/route_set.rb:46:in `controller'
actionpack (5.2.1) lib/action_dispatch/routing/route_set.rb:32:in `serve'
actionpack (5.2.1) lib/action_dispatch/journey/router.rb:52:in `block in serve'
actionpack (5.2.1) lib/action_dispatch/journey/router.rb:35:in `each'
actionpack (5.2.1) lib/action_dispatch/journey/router.rb:35:in `serve'
actionpack (5.2.1) lib/action_dispatch/routing/route_set.rb:840:in `call'
rack (2.0.5) lib/rack/tempfile_reaper.rb:15:in `call'
rack (2.0.5) lib/rack/etag.rb:25:in `call'
rack (2.0.5) lib/rack/conditional_get.rb:25:in `call'
rack (2.0.5) lib/rack/head.rb:12:in `call'
actionpack (5.2.1) lib/action_dispatch/http/content_security_policy.rb:18:in `call'
rack (2.0.5) lib/rack/session/abstract/id.rb:232:in `context'
rack (2.0.5) lib/rack/session/abstract/id.rb:226:in `call'
actionpack (5.2.1) lib/action_dispatch/middleware/cookies.rb:670:in `call'
activerecord (5.2.1) lib/active_record/migration.rb:559:in `call'
actionpack (5.2.1) lib/action_dispatch/middleware/callbacks.rb:28:in `block in call'
activesupport (5.2.1) lib/active_support/callbacks.rb:98:in `run_callbacks'
actionpack (5.2.1) lib/action_dispatch/middleware/callbacks.rb:26:in `call'
actionpack (5.2.1) lib/action_dispatch/middleware/executor.rb:14:in `call'
actionpack (5.2.1) lib/action_dispatch/middleware/debug_exceptions.rb:61:in `call'
web-console (3.7.0) lib/web_console/middleware.rb:135:in `call_app'
web-console (3.7.0) lib/web_console/middleware.rb:30:in `block in call'
web-console (3.7.0) lib/web_console/middleware.rb:20:in `catch'
web-console (3.7.0) lib/web_console/middleware.rb:20:in `call'
actionpack (5.2.1) lib/action_dispatch/middleware/show_exceptions.rb:33:in `call'
railties (5.2.1) lib/rails/rack/logger.rb:38:in `call_app'
railties (5.2.1) lib/rails/rack/logger.rb:26:in `block in call'
activesupport (5.2.1) lib/active_support/tagged_logging.rb:71:in `block in tagged'
activesupport (5.2.1) lib/active_support/tagged_logging.rb:28:in `tagged'
activesupport (5.2.1) lib/active_support/tagged_logging.rb:71:in `tagged'
railties (5.2.1) lib/rails/rack/logger.rb:26:in `call'
sprockets-rails (3.2.1) lib/sprockets/rails/quiet_assets.rb:13:in `call'
actionpack (5.2.1) lib/action_dispatch/middleware/remote_ip.rb:81:in `call'
actionpack (5.2.1) lib/action_dispatch/middleware/request_id.rb:27:in `call'
rack (2.0.5) lib/rack/method_override.rb:22:in `call'
rack (2.0.5) lib/rack/runtime.rb:22:in `call'
activesupport (5.2.1) lib/active_support/cache/strategy/local_cache_middleware.rb:29:in `call'
actionpack (5.2.1) lib/action_dispatch/middleware/executor.rb:14:in `call'
actionpack (5.2.1) lib/action_dispatch/middleware/static.rb:127:in `call'
rack (2.0.5) lib/rack/sendfile.rb:111:in `call'
railties (5.2.1) lib/rails/engine.rb:524:in `call'
puma (3.12.0) lib/puma/configuration.rb:225:in `call'
puma (3.12.0) lib/puma/server.rb:658:in `handle_request'
puma (3.12.0) lib/puma/server.rb:472:in `process_client'
puma (3.12.0) lib/puma/server.rb:332:in `block in run'
puma (3.12.0) lib/puma/thread_pool.rb:133:in `block in spawn_thread'
Started GET "/lookup" for 127.0.0.1 at 2018-10-08 15:47:28 +1100
Processing by StocksController#form as HTML
  Rendering stocks/form.html.erb within layouts/application
  Rendered stocks/form.html.erb within layouts/application (1.0ms)
Completed 200 OK in 227ms (Views: 211.1ms | ActiveRecord: 0.0ms)


Started GET "/lookup/results?stock_name=AAPL" for 127.0.0.1 at 2018-10-08 15:47:35 +1100
  
ActionController::RoutingError (No route matches [GET] "/lookup/results"):
  
actionpack (5.2.1) lib/action_dispatch/middleware/debug_exceptions.rb:65:in `call'
web-console (3.7.0) lib/web_console/middleware.rb:135:in `call_app'
web-console (3.7.0) lib/web_console/middleware.rb:30:in `block in call'
web-console (3.7.0) lib/web_console/middleware.rb:20:in `catch'
web-console (3.7.0) lib/web_console/middleware.rb:20:in `call'
actionpack (5.2.1) lib/action_dispatch/middleware/show_exceptions.rb:33:in `call'
railties (5.2.1) lib/rails/rack/logger.rb:38:in `call_app'
railties (5.2.1) lib/rails/rack/logger.rb:26:in `block in call'
activesupport (5.2.1) lib/active_support/tagged_logging.rb:71:in `block in tagged'
activesupport (5.2.1) lib/active_support/tagged_logging.rb:28:in `tagged'
activesupport (5.2.1) lib/active_support/tagged_logging.rb:71:in `tagged'
railties (5.2.1) lib/rails/rack/logger.rb:26:in `call'
sprockets-rails (3.2.1) lib/sprockets/rails/quiet_assets.rb:13:in `call'
actionpack (5.2.1) lib/action_dispatch/middleware/remote_ip.rb:81:in `call'
actionpack (5.2.1) lib/action_dispatch/middleware/request_id.rb:27:in `call'
rack (2.0.5) lib/rack/method_override.rb:22:in `call'
rack (2.0.5) lib/rack/runtime.rb:22:in `call'
activesupport (5.2.1) lib/active_support/cache/strategy/local_cache_middleware.rb:29:in `call'
actionpack (5.2.1) lib/action_dispatch/middleware/executor.rb:14:in `call'
actionpack (5.2.1) lib/action_dispatch/middleware/static.rb:127:in `call'
rack (2.0.5) lib/rack/sendfile.rb:111:in `call'
railties (5.2.1) lib/rails/engine.rb:524:in `call'
puma (3.12.0) lib/puma/configuration.rb:225:in `call'
puma (3.12.0) lib/puma/server.rb:658:in `handle_request'
puma (3.12.0) lib/puma/server.rb:472:in `process_client'
puma (3.12.0) lib/puma/server.rb:332:in `block in run'
puma (3.12.0) lib/puma/thread_pool.rb:133:in `block in spawn_thread'
Started GET "/lookup/results?stock_name=AAPL" for 127.0.0.1 at 2018-10-08 15:50:17 +1100
Processing by StocksController#lookup as HTML
  Parameters: {"stock_name"=>"AAPL"}
  Rendering stocks/lookup.html.erb within layouts/application
  Rendered stocks/lookup.html.erb within layouts/application (0.3ms)
Completed 200 OK in 15ms (Views: 12.8ms | ActiveRecord: 0.0ms)


Started GET "/lookup/results?stock_name=AAPL" for 127.0.0.1 at 2018-10-08 15:51:50 +1100
Processing by StocksController#lookup as HTML
  Parameters: {"stock_name"=>"AAPL"}
Completed 500 Internal Server Error in 1ms (ActiveRecord: 0.0ms)


  
RuntimeError (hell):
  
app/controllers/stocks_controller.rb:9:in `lookup'
Started PUT "/__web_console/repl_sessions/1d930dba92c52f1a789fbeb05a184776" for 127.0.0.1 at 2018-10-08 15:52:06 +1100
Started PUT "/__web_console/repl_sessions/1d930dba92c52f1a789fbeb05a184776" for 127.0.0.1 at 2018-10-08 15:52:07 +1100
Started PUT "/__web_console/repl_sessions/1d930dba92c52f1a789fbeb05a184776" for 127.0.0.1 at 2018-10-08 15:52:14 +1100
Started GET "/lookup/results?stock_name=AAPL" for 127.0.0.1 at 2018-10-08 15:52:46 +1100
Processing by StocksController#lookup as HTML
  Parameters: {"stock_name"=>"AAPL"}
Completed 500 Internal Server Error in 1ms (ActiveRecord: 0.0ms)


  
TypeError (exception class/object expected):
  
app/controllers/stocks_controller.rb:9:in `raise'
app/controllers/stocks_controller.rb:9:in `lookup'
Started GET "/lookup/results?stock_name=AAPL" for 127.0.0.1 at 2018-10-08 15:54:52 +1100
Processing by StocksController#lookup as HTML
  Parameters: {"stock_name"=>"AAPL"}
Completed 500 Internal Server Error in 813ms (ActiveRecord: 0.0ms)


  
RuntimeError (hell):
  
app/controllers/stocks_controller.rb:13:in `lookup'
Started PUT "/__web_console/repl_sessions/78d8d26db591de14dd899a0029b414b9" for 127.0.0.1 at 2018-10-08 15:54:58 +1100
Started PUT "/__web_console/repl_sessions/78d8d26db591de14dd899a0029b414b9" for 127.0.0.1 at 2018-10-08 15:54:59 +1100
Started PUT "/__web_console/repl_sessions/78d8d26db591de14dd899a0029b414b9" for 127.0.0.1 at 2018-10-08 15:55:18 +1100
Started PUT "/__web_console/repl_sessions/78d8d26db591de14dd899a0029b414b9" for 127.0.0.1 at 2018-10-08 15:55:19 +1100
Started PUT "/__web_console/repl_sessions/78d8d26db591de14dd899a0029b414b9" for 127.0.0.1 at 2018-10-08 15:55:20 +1100
Started PUT "/__web_console/repl_sessions/78d8d26db591de14dd899a0029b414b9" for 127.0.0.1 at 2018-10-08 15:55:20 +1100
Started PUT "/__web_console/repl_sessions/78d8d26db591de14dd899a0029b414b9" for 127.0.0.1 at 2018-10-08 15:55:20 +1100
Started PUT "/__web_console/repl_sessions/78d8d26db591de14dd899a0029b414b9" for 127.0.0.1 at 2018-10-08 15:55:21 +1100
Started PUT "/__web_console/repl_sessions/78d8d26db591de14dd899a0029b414b9" for 127.0.0.1 at 2018-10-08 15:55:21 +1100
Started PUT "/__web_console/repl_sessions/78d8d26db591de14dd899a0029b414b9" for 127.0.0.1 at 2018-10-08 15:55:21 +1100
Started PUT "/__web_console/repl_sessions/78d8d26db591de14dd899a0029b414b9" for 127.0.0.1 at 2018-10-08 15:55:24 +1100
Started PUT "/__web_console/repl_sessions/78d8d26db591de14dd899a0029b414b9" for 127.0.0.1 at 2018-10-08 15:55:27 +1100
Started PUT "/__web_console/repl_sessions/78d8d26db591de14dd899a0029b414b9" for 127.0.0.1 at 2018-10-08 15:55:30 +1100
Started PUT "/__web_console/repl_sessions/78d8d26db591de14dd899a0029b414b9" for 127.0.0.1 at 2018-10-08 15:55:32 +1100
Started PUT "/__web_console/repl_sessions/78d8d26db591de14dd899a0029b414b9" for 127.0.0.1 at 2018-10-08 15:55:32 +1100
Started PUT "/__web_console/repl_sessions/78d8d26db591de14dd899a0029b414b9" for 127.0.0.1 at 2018-10-08 15:55:43 +1100
Started GET "/lookup/results?stock_name=AAPL" for 127.0.0.1 at 2018-10-08 15:56:56 +1100
Processing by StocksController#lookup as HTML
  Parameters: {"stock_name"=>"AAPL"}
  Rendering stocks/lookup.html.erb within layouts/application
  Rendered stocks/lookup.html.erb within layouts/application (0.5ms)
Completed 200 OK in 759ms (Views: 19.4ms | ActiveRecord: 0.0ms)


Started GET "/lookup/results?stock_name=GOOG" for 127.0.0.1 at 2018-10-08 15:57:02 +1100
Processing by StocksController#lookup as HTML
  Parameters: {"stock_name"=>"GOOG"}
  Rendering stocks/lookup.html.erb within layouts/application
  Rendered stocks/lookup.html.erb within layouts/application (0.3ms)
Completed 200 OK in 736ms (Views: 10.3ms | ActiveRecord: 0.0ms)


Started GET "/lookup/results?stock_name=GOOG" for 127.0.0.1 at 2018-10-08 15:57:13 +1100
Processing by StocksController#lookup as HTML
  Parameters: {"stock_name"=>"GOOG"}
  Rendering stocks/lookup.html.erb within layouts/application
  Rendered stocks/lookup.html.erb within layouts/application (0.3ms)
Completed 200 OK in 734ms (Views: 10.2ms | ActiveRecord: 0.0ms)


Started GET "/lookup/results?stock_name=GOOG" for 127.0.0.1 at 2018-10-08 15:57:29 +1100
Processing by StocksController#lookup as HTML
  Parameters: {"stock_name"=>"GOOG"}
Completed 500 Internal Server Error in 729ms (ActiveRecord: 0.0ms)


  
RuntimeError (hell):
  
app/controllers/stocks_controller.rb:13:in `lookup'
Started PUT "/__web_console/repl_sessions/a814bbe45f9c9a5fbd2cf601a672fda2" for 127.0.0.1 at 2018-10-08 15:57:32 +1100
Started PUT "/__web_console/repl_sessions/a814bbe45f9c9a5fbd2cf601a672fda2" for 127.0.0.1 at 2018-10-08 15:57:34 +1100
Started GET "/lookup/results?stock_name=GOOG" for 127.0.0.1 at 2018-10-08 15:58:31 +1100
Processing by StocksController#lookup as HTML
  Parameters: {"stock_name"=>"GOOG"}
  Rendering stocks/lookup.html.erb within layouts/application
  Rendered stocks/lookup.html.erb within layouts/application (0.4ms)
Completed 200 OK in 892ms (Views: 12.7ms | ActiveRecord: 0.0ms)


Started GET "/lookup/results?stock_name=GOOG" for 127.0.0.1 at 2018-10-08 16:01:46 +1100
Processing by StocksController#lookup as HTML
  Parameters: {"stock_name"=>"GOOG"}
Completed 500 Internal Server Error in 1ms (ActiveRecord: 0.0ms)


  
RuntimeError (Type and symbol required):
  
app/controllers/stocks_controller.rb:10:in `lookup'
Started GET "/lookup/results?stock_name=GOOG" for 127.0.0.1 at 2018-10-08 16:02:50 +1100
Processing by StocksController#lookup as HTML
  Parameters: {"stock_name"=>"GOOG"}
  Rendering stocks/lookup.html.erb within layouts/application
  Rendered stocks/lookup.html.erb within layouts/application (0.5ms)
Completed 200 OK in 768ms (Views: 12.3ms | ActiveRecord: 0.0ms)


