  [1m[35m (0.0ms)[0m  [1m[34mSELECT sqlite_version(*)[0m
  ↳ bin/rails:9
  [1m[35m (2.0ms)[0m  [1m[35mCREATE TABLE "schema_migrations" ("version" varchar NOT NULL PRIMARY KEY)[0m
  ↳ bin/rails:9
  [1m[35m (0.6ms)[0m  [1m[35mCREATE TABLE "ar_internal_metadata" ("key" varchar NOT NULL PRIMARY KEY, "value" varchar, "created_at" datetime NOT NULL, "updated_at" datetime NOT NULL)[0m
  ↳ bin/rails:9
  [1m[35m (0.1ms)[0m  [1m[34mSELECT "schema_migrations"."version" FROM "schema_migrations" ORDER BY "schema_migrations"."version" ASC[0m
  ↳ bin/rails:9
Migrating to CreatePlanets (20181009011226)
  [1m[35m (0.0ms)[0m  [1m[36mbegin transaction[0m
  ↳ bin/rails:9
  [1m[35m (0.3ms)[0m  [1m[35mCREATE TABLE "planets" ("id" integer PRIMARY KEY AUTOINCREMENT NOT NULL, "name" varchar, "image" text, "orbit" float, "diameter" float, "mass" float, "temperature" float, "moons" integer, "created_at" datetime NOT NULL, "updated_at" datetime NOT NULL)[0m
  ↳ db/migrate/20181009011226_create_planets.rb:3
  [1m[36mActiveRecord::SchemaMigration Create (0.1ms)[0m  [1m[32mINSERT INTO "schema_migrations" ("version") VALUES (?)[0m  [["version", "20181009011226"]]
  ↳ bin/rails:9
  [1m[35m (0.6ms)[0m  [1m[36mcommit transaction[0m
  ↳ bin/rails:9
  [1m[36mActiveRecord::InternalMetadata Load (0.1ms)[0m  [1m[34mSELECT  "ar_internal_metadata".* FROM "ar_internal_metadata" WHERE "ar_internal_metadata"."key" = ? LIMIT ?[0m  [["key", "environment"], ["LIMIT", 1]]
  ↳ bin/rails:9
  [1m[35m (0.0ms)[0m  [1m[36mbegin transaction[0m
  ↳ bin/rails:9
  [1m[36mActiveRecord::InternalMetadata Create (0.2ms)[0m  [1m[32mINSERT INTO "ar_internal_metadata" ("key", "value", "created_at", "updated_at") VALUES (?, ?, ?, ?)[0m  [["key", "environment"], ["value", "development"], ["created_at", "2018-10-09 01:18:53.882398"], ["updated_at", "2018-10-09 01:18:53.882398"]]
  ↳ bin/rails:9
  [1m[35m (0.4ms)[0m  [1m[36mcommit transaction[0m
  ↳ bin/rails:9
  [1m[35m (0.1ms)[0m  [1m[34mSELECT "schema_migrations"."version" FROM "schema_migrations" ORDER BY "schema_migrations"."version" ASC[0m
  ↳ bin/rails:9
  [1m[35m (0.1ms)[0m  [1m[34mSELECT "schema_migrations"."version" FROM "schema_migrations" ORDER BY "schema_migrations"."version" ASC[0m
  ↳ bin/rails:9
  [1m[35m (0.4ms)[0m  [1m[34mSELECT "schema_migrations"."version" FROM "schema_migrations" ORDER BY "schema_migrations"."version" ASC[0m
  ↳ bin/rails:9
  [1m[35m (0.0ms)[0m  [1m[36mbegin transaction[0m
  ↳ db/seeds.rb:11
  [1m[36mPlanet Create (0.4ms)[0m  [1m[32mINSERT INTO "planets" ("name", "orbit", "diameter", "mass", "temperature", "moons", "created_at", "updated_at") VALUES (?, ?, ?, ?, ?, ?, ?, ?)[0m  [["name", "Earth"], ["orbit", 1.0], ["diameter", 1.0], ["mass", 1.0], ["temperature", 1.0], ["moons", 1], ["created_at", "2018-10-09 01:32:36.953741"], ["updated_at", "2018-10-09 01:32:36.953741"]]
  ↳ db/seeds.rb:11
  [1m[35m (0.5ms)[0m  [1m[36mcommit transaction[0m
  ↳ db/seeds.rb:11
  [1m[35m (0.0ms)[0m  [1m[36mbegin transaction[0m
  ↳ db/seeds.rb:12
  [1m[36mPlanet Create (0.2ms)[0m  [1m[32mINSERT INTO "planets" ("name", "orbit", "diameter", "mass", "temperature", "moons", "created_at", "updated_at") VALUES (?, ?, ?, ?, ?, ?, ?, ?)[0m  [["name", "Mars"], ["orbit", 687.0], ["diameter", 0.2], ["mass", 2.0], ["temperature", 0.2], ["moons", 2], ["created_at", "2018-10-09 01:32:36.955937"], ["updated_at", "2018-10-09 01:32:36.955937"]]
  ↳ db/seeds.rb:12
  [1m[35m (0.5ms)[0m  [1m[36mcommit transaction[0m
  ↳ db/seeds.rb:12
  [1m[35m (0.0ms)[0m  [1m[36mbegin transaction[0m
  ↳ db/seeds.rb:13
  [1m[36mPlanet Create (0.3ms)[0m  [1m[32mINSERT INTO "planets" ("name", "orbit", "diameter", "mass", "temperature", "moons", "created_at", "updated_at") VALUES (?, ?, ?, ?, ?, ?, ?, ?)[0m  [["name", "Venus"], ["orbit", 0.7], ["diameter", 0.1], ["mass", 0.7], ["temperature", 5.0], ["moons", 3], ["created_at", "2018-10-09 01:32:36.959017"], ["updated_at", "2018-10-09 01:32:36.959017"]]
  ↳ db/seeds.rb:13
  [1m[35m (0.5ms)[0m  [1m[36mcommit transaction[0m
  ↳ db/seeds.rb:13
  [1m[35m (0.0ms)[0m  [1m[36mbegin transaction[0m
  ↳ db/seeds.rb:14
  [1m[36mPlanet Create (0.3ms)[0m  [1m[32mINSERT INTO "planets" ("name", "orbit", "diameter", "mass", "temperature", "moons", "created_at", "updated_at") VALUES (?, ?, ?, ?, ?, ?, ?, ?)[0m  [["name", "Jupiter"], ["orbit", 800.0], ["diameter", 500.0], ["mass", 10000.0], ["temperature", 0.1], ["moons", 79], ["created_at", "2018-10-09 01:32:36.960963"], ["updated_at", "2018-10-09 01:32:36.960963"]]
  ↳ db/seeds.rb:14
  [1m[35m (0.5ms)[0m  [1m[36mcommit transaction[0m
  ↳ db/seeds.rb:14
  [1m[36mPlanet Load (0.1ms)[0m  [1m[34mSELECT "planets".* FROM "planets"[0m
  ↳ db/seeds.rb:16
  [1m[35m (0.1ms)[0m  [1m[34mSELECT "schema_migrations"."version" FROM "schema_migrations" ORDER BY "schema_migrations"."version" ASC[0m
  ↳ bin/rails:9
  [1m[35m (0.1ms)[0m  [1m[36mbegin transaction[0m
  ↳ db/seeds.rb:11
  [1m[36mPlanet Create (0.5ms)[0m  [1m[32mINSERT INTO "planets" ("name", "orbit", "diameter", "mass", "temperature", "moons", "created_at", "updated_at") VALUES (?, ?, ?, ?, ?, ?, ?, ?)[0m  [["name", "Earth"], ["orbit", 1.0], ["diameter", 1.0], ["mass", 1.0], ["temperature", 1.0], ["moons", 1], ["created_at", "2018-10-09 01:33:03.853716"], ["updated_at", "2018-10-09 01:33:03.853716"]]
  ↳ db/seeds.rb:11
  [1m[35m (1.0ms)[0m  [1m[36mcommit transaction[0m
  ↳ db/seeds.rb:11
  [1m[35m (0.0ms)[0m  [1m[36mbegin transaction[0m
  ↳ db/seeds.rb:12
  [1m[36mPlanet Create (0.2ms)[0m  [1m[32mINSERT INTO "planets" ("name", "orbit", "diameter", "mass", "temperature", "moons", "created_at", "updated_at") VALUES (?, ?, ?, ?, ?, ?, ?, ?)[0m  [["name", "Mars"], ["orbit", 687.0], ["diameter", 0.2], ["mass", 2.0], ["temperature", 0.2], ["moons", 2], ["created_at", "2018-10-09 01:33:03.856721"], ["updated_at", "2018-10-09 01:33:03.856721"]]
  ↳ db/seeds.rb:12
  [1m[35m (0.5ms)[0m  [1m[36mcommit transaction[0m
  ↳ db/seeds.rb:12
  [1m[35m (0.0ms)[0m  [1m[36mbegin transaction[0m
  ↳ db/seeds.rb:13
  [1m[36mPlanet Create (0.2ms)[0m  [1m[32mINSERT INTO "planets" ("name", "orbit", "diameter", "mass", "temperature", "moons", "created_at", "updated_at") VALUES (?, ?, ?, ?, ?, ?, ?, ?)[0m  [["name", "Venus"], ["orbit", 0.7], ["diameter", 0.1], ["mass", 0.7], ["temperature", 5.0], ["moons", 3], ["created_at", "2018-10-09 01:33:03.858547"], ["updated_at", "2018-10-09 01:33:03.858547"]]
  ↳ db/seeds.rb:13
  [1m[35m (0.6ms)[0m  [1m[36mcommit transaction[0m
  ↳ db/seeds.rb:13
  [1m[35m (0.1ms)[0m  [1m[36mbegin transaction[0m
  ↳ db/seeds.rb:14
  [1m[36mPlanet Create (0.3ms)[0m  [1m[32mINSERT INTO "planets" ("name", "orbit", "diameter", "mass", "temperature", "moons", "created_at", "updated_at") VALUES (?, ?, ?, ?, ?, ?, ?, ?)[0m  [["name", "Jupiter"], ["orbit", 800.0], ["diameter", 500.0], ["mass", 10000.0], ["temperature", 0.1], ["moons", 79], ["created_at", "2018-10-09 01:33:03.860771"], ["updated_at", "2018-10-09 01:33:03.860771"]]
  ↳ db/seeds.rb:14
  [1m[35m (0.5ms)[0m  [1m[36mcommit transaction[0m
  ↳ db/seeds.rb:14
  [1m[36mPlanet Load (0.2ms)[0m  [1m[34mSELECT "planets".* FROM "planets"[0m
  ↳ db/seeds.rb:16
  [1m[35m (0.2ms)[0m  [1m[34mSELECT "schema_migrations"."version" FROM "schema_migrations" ORDER BY "schema_migrations"."version" ASC[0m
  ↳ bin/rails:9
  [1m[36mPlanet Load (0.2ms)[0m  [1m[34mSELECT "planets".* FROM "planets"[0m
  ↳ db/seeds.rb:11
  [1m[35m (0.1ms)[0m  [1m[36mbegin transaction[0m
  ↳ db/seeds.rb:11
  [1m[36mPlanet Destroy (0.6ms)[0m  [1m[31mDELETE FROM "planets" WHERE "planets"."id" = ?[0m  [["id", 1]]
  ↳ db/seeds.rb:11
  [1m[35m (0.6ms)[0m  [1m[36mcommit transaction[0m
  ↳ db/seeds.rb:11
  [1m[35m (0.0ms)[0m  [1m[36mbegin transaction[0m
  ↳ db/seeds.rb:11
  [1m[36mPlanet Destroy (0.2ms)[0m  [1m[31mDELETE FROM "planets" WHERE "planets"."id" = ?[0m  [["id", 2]]
  ↳ db/seeds.rb:11
  [1m[35m (0.5ms)[0m  [1m[36mcommit transaction[0m
  ↳ db/seeds.rb:11
  [1m[35m (0.0ms)[0m  [1m[36mbegin transaction[0m
  ↳ db/seeds.rb:11
  [1m[36mPlanet Destroy (0.2ms)[0m  [1m[31mDELETE FROM "planets" WHERE "planets"."id" = ?[0m  [["id", 3]]
  ↳ db/seeds.rb:11
  [1m[35m (0.5ms)[0m  [1m[36mcommit transaction[0m
  ↳ db/seeds.rb:11
  [1m[35m (0.0ms)[0m  [1m[36mbegin transaction[0m
  ↳ db/seeds.rb:11
  [1m[36mPlanet Destroy (0.2ms)[0m  [1m[31mDELETE FROM "planets" WHERE "planets"."id" = ?[0m  [["id", 4]]
  ↳ db/seeds.rb:11
  [1m[35m (0.5ms)[0m  [1m[36mcommit transaction[0m
  ↳ db/seeds.rb:11
  [1m[35m (0.0ms)[0m  [1m[36mbegin transaction[0m
  ↳ db/seeds.rb:11
  [1m[36mPlanet Destroy (0.1ms)[0m  [1m[31mDELETE FROM "planets" WHERE "planets"."id" = ?[0m  [["id", 5]]
  ↳ db/seeds.rb:11
  [1m[35m (0.4ms)[0m  [1m[36mcommit transaction[0m
  ↳ db/seeds.rb:11
  [1m[35m (0.0ms)[0m  [1m[36mbegin transaction[0m
  ↳ db/seeds.rb:11
  [1m[36mPlanet Destroy (0.1ms)[0m  [1m[31mDELETE FROM "planets" WHERE "planets"."id" = ?[0m  [["id", 6]]
  ↳ db/seeds.rb:11
  [1m[35m (0.4ms)[0m  [1m[36mcommit transaction[0m
  ↳ db/seeds.rb:11
  [1m[35m (0.0ms)[0m  [1m[36mbegin transaction[0m
  ↳ db/seeds.rb:11
  [1m[36mPlanet Destroy (0.1ms)[0m  [1m[31mDELETE FROM "planets" WHERE "planets"."id" = ?[0m  [["id", 7]]
  ↳ db/seeds.rb:11
  [1m[35m (0.4ms)[0m  [1m[36mcommit transaction[0m
  ↳ db/seeds.rb:11
  [1m[35m (0.0ms)[0m  [1m[36mbegin transaction[0m
  ↳ db/seeds.rb:11
  [1m[36mPlanet Destroy (0.1ms)[0m  [1m[31mDELETE FROM "planets" WHERE "planets"."id" = ?[0m  [["id", 8]]
  ↳ db/seeds.rb:11
  [1m[35m (0.4ms)[0m  [1m[36mcommit transaction[0m
  ↳ db/seeds.rb:11
  [1m[35m (0.0ms)[0m  [1m[36mbegin transaction[0m
  ↳ db/seeds.rb:13
  [1m[36mPlanet Create (0.2ms)[0m  [1m[32mINSERT INTO "planets" ("name", "orbit", "diameter", "mass", "temperature", "moons", "created_at", "updated_at") VALUES (?, ?, ?, ?, ?, ?, ?, ?)[0m  [["name", "Earth"], ["orbit", 1.0], ["diameter", 1.0], ["mass", 1.0], ["temperature", 1.0], ["moons", 1], ["created_at", "2018-10-09 01:34:54.172952"], ["updated_at", "2018-10-09 01:34:54.172952"]]
  ↳ db/seeds.rb:13
  [1m[35m (0.4ms)[0m  [1m[36mcommit transaction[0m
  ↳ db/seeds.rb:13
  [1m[35m (0.0ms)[0m  [1m[36mbegin transaction[0m
  ↳ db/seeds.rb:14
  [1m[36mPlanet Create (0.1ms)[0m  [1m[32mINSERT INTO "planets" ("name", "orbit", "diameter", "mass", "temperature", "moons", "created_at", "updated_at") VALUES (?, ?, ?, ?, ?, ?, ?, ?)[0m  [["name", "Mars"], ["orbit", 687.0], ["diameter", 0.2], ["mass", 2.0], ["temperature", 0.2], ["moons", 2], ["created_at", "2018-10-09 01:34:54.174847"], ["updated_at", "2018-10-09 01:34:54.174847"]]
  ↳ db/seeds.rb:14
  [1m[35m (0.4ms)[0m  [1m[36mcommit transaction[0m
  ↳ db/seeds.rb:14
  [1m[35m (0.0ms)[0m  [1m[36mbegin transaction[0m
  ↳ db/seeds.rb:15
  [1m[36mPlanet Create (0.2ms)[0m  [1m[32mINSERT INTO "planets" ("name", "orbit", "diameter", "mass", "temperature", "moons", "created_at", "updated_at") VALUES (?, ?, ?, ?, ?, ?, ?, ?)[0m  [["name", "Venus"], ["orbit", 0.7], ["diameter", 0.1], ["mass", 0.7], ["temperature", 5.0], ["moons", 3], ["created_at", "2018-10-09 01:34:54.176330"], ["updated_at", "2018-10-09 01:34:54.176330"]]
  ↳ db/seeds.rb:15
  [1m[35m (0.5ms)[0m  [1m[36mcommit transaction[0m
  ↳ db/seeds.rb:15
  [1m[35m (0.0ms)[0m  [1m[36mbegin transaction[0m
  ↳ db/seeds.rb:16
  [1m[36mPlanet Create (0.2ms)[0m  [1m[32mINSERT INTO "planets" ("name", "orbit", "diameter", "mass", "temperature", "moons", "created_at", "updated_at") VALUES (?, ?, ?, ?, ?, ?, ?, ?)[0m  [["name", "Jupiter"], ["orbit", 800.0], ["diameter", 500.0], ["mass", 10000.0], ["temperature", 0.1], ["moons", 79], ["created_at", "2018-10-09 01:34:54.177993"], ["updated_at", "2018-10-09 01:34:54.177993"]]
  ↳ db/seeds.rb:16
  [1m[35m (0.4ms)[0m  [1m[36mcommit transaction[0m
  ↳ db/seeds.rb:16
  [1m[36mPlanet Load (0.1ms)[0m  [1m[34mSELECT "planets".* FROM "planets"[0m
  ↳ db/seeds.rb:18
  [1m[35m (0.1ms)[0m  [1m[34mSELECT "schema_migrations"."version" FROM "schema_migrations" ORDER BY "schema_migrations"."version" ASC[0m
  ↳ bin/rails:9
  [1m[36mPlanet Load (0.1ms)[0m  [1m[34mSELECT "planets".* FROM "planets"[0m
  ↳ db/seeds.rb:11
  [1m[35m (0.0ms)[0m  [1m[36mbegin transaction[0m
  ↳ db/seeds.rb:11
  [1m[36mPlanet Destroy (0.3ms)[0m  [1m[31mDELETE FROM "planets" WHERE "planets"."id" = ?[0m  [["id", 9]]
  ↳ db/seeds.rb:11
  [1m[35m (1.1ms)[0m  [1m[36mcommit transaction[0m
  ↳ db/seeds.rb:11
  [1m[35m (0.0ms)[0m  [1m[36mbegin transaction[0m
  ↳ db/seeds.rb:11
  [1m[36mPlanet Destroy (0.2ms)[0m  [1m[31mDELETE FROM "planets" WHERE "planets"."id" = ?[0m  [["id", 10]]
  ↳ db/seeds.rb:11
  [1m[35m (0.5ms)[0m  [1m[36mcommit transaction[0m
  ↳ db/seeds.rb:11
  [1m[35m (0.0ms)[0m  [1m[36mbegin transaction[0m
  ↳ db/seeds.rb:11
  [1m[36mPlanet Destroy (0.1ms)[0m  [1m[31mDELETE FROM "planets" WHERE "planets"."id" = ?[0m  [["id", 11]]
  ↳ db/seeds.rb:11
  [1m[35m (0.5ms)[0m  [1m[36mcommit transaction[0m
  ↳ db/seeds.rb:11
  [1m[35m (0.0ms)[0m  [1m[36mbegin transaction[0m
  ↳ db/seeds.rb:11
  [1m[36mPlanet Destroy (0.2ms)[0m  [1m[31mDELETE FROM "planets" WHERE "planets"."id" = ?[0m  [["id", 12]]
  ↳ db/seeds.rb:11
  [1m[35m (0.5ms)[0m  [1m[36mcommit transaction[0m
  ↳ db/seeds.rb:11
  [1m[35m (0.0ms)[0m  [1m[36mbegin transaction[0m
  ↳ db/seeds.rb:13
  [1m[36mPlanet Create (0.2ms)[0m  [1m[32mINSERT INTO "planets" ("name", "orbit", "diameter", "mass", "temperature", "moons", "created_at", "updated_at") VALUES (?, ?, ?, ?, ?, ?, ?, ?)[0m  [["name", "Earth"], ["orbit", 1.0], ["diameter", 1.0], ["mass", 1.0], ["temperature", 1.0], ["moons", 1], ["created_at", "2018-10-09 01:34:58.202863"], ["updated_at", "2018-10-09 01:34:58.202863"]]
  ↳ db/seeds.rb:13
  [1m[35m (0.5ms)[0m  [1m[36mcommit transaction[0m
  ↳ db/seeds.rb:13
  [1m[35m (0.0ms)[0m  [1m[36mbegin transaction[0m
  ↳ db/seeds.rb:14
  [1m[36mPlanet Create (0.2ms)[0m  [1m[32mINSERT INTO "planets" ("name", "orbit", "diameter", "mass", "temperature", "moons", "created_at", "updated_at") VALUES (?, ?, ?, ?, ?, ?, ?, ?)[0m  [["name", "Mars"], ["orbit", 687.0], ["diameter", 0.2], ["mass", 2.0], ["temperature", 0.2], ["moons", 2], ["created_at", "2018-10-09 01:34:58.205200"], ["updated_at", "2018-10-09 01:34:58.205200"]]
  ↳ db/seeds.rb:14
  [1m[35m (0.5ms)[0m  [1m[36mcommit transaction[0m
  ↳ db/seeds.rb:14
  [1m[35m (0.0ms)[0m  [1m[36mbegin transaction[0m
  ↳ db/seeds.rb:15
  [1m[36mPlanet Create (0.2ms)[0m  [1m[32mINSERT INTO "planets" ("name", "orbit", "diameter", "mass", "temperature", "moons", "created_at", "updated_at") VALUES (?, ?, ?, ?, ?, ?, ?, ?)[0m  [["name", "Venus"], ["orbit", 0.7], ["diameter", 0.1], ["mass", 0.7], ["temperature", 5.0], ["moons", 3], ["created_at", "2018-10-09 01:34:58.207047"], ["updated_at", "2018-10-09 01:34:58.207047"]]
  ↳ db/seeds.rb:15
  [1m[35m (0.4ms)[0m  [1m[36mcommit transaction[0m
  ↳ db/seeds.rb:15
  [1m[35m (0.0ms)[0m  [1m[36mbegin transaction[0m
  ↳ db/seeds.rb:16
  [1m[36mPlanet Create (0.3ms)[0m  [1m[32mINSERT INTO "planets" ("name", "orbit", "diameter", "mass", "temperature", "moons", "created_at", "updated_at") VALUES (?, ?, ?, ?, ?, ?, ?, ?)[0m  [["name", "Jupiter"], ["orbit", 800.0], ["diameter", 500.0], ["mass", 10000.0], ["temperature", 0.1], ["moons", 79], ["created_at", "2018-10-09 01:34:58.208852"], ["updated_at", "2018-10-09 01:34:58.208852"]]
  ↳ db/seeds.rb:16
  [1m[35m (0.5ms)[0m  [1m[36mcommit transaction[0m
  ↳ db/seeds.rb:16
  [1m[36mPlanet Load (0.1ms)[0m  [1m[34mSELECT "planets".* FROM "planets"[0m
  ↳ db/seeds.rb:18
  [1m[36mPlanet Load (0.5ms)[0m  [1m[34mSELECT "planets".* FROM "planets"[0m
  [1m[36mPlanet Load (0.4ms)[0m  [1m[34mSELECT "planets".* FROM "planets"[0m
  [1m[36mPlanet Load (0.1ms)[0m  [1m[34mSELECT "planets".* FROM "planets"[0m
  [1m[36mPlanet Load (0.6ms)[0m  [1m[34mSELECT "planets".* FROM "planets"[0m
  [1m[36mPlanet Load (0.1ms)[0m  [1m[34mSELECT "planets".* FROM "planets"[0m
  [1m[35m (0.2ms)[0m  [1m[34mSELECT "planets"."name" FROM "planets"[0m
  [1m[35m (0.1ms)[0m  [1m[34mSELECT "planets"."name", "planets"."orbit" FROM "planets"[0m
  [1m[35m (0.1ms)[0m  [1m[34mSELECT "schema_migrations"."version" FROM "schema_migrations" ORDER BY "schema_migrations"."version" ASC[0m
  ↳ bin/rails:9
  [1m[36mPlanet Load (0.1ms)[0m  [1m[34mSELECT "planets".* FROM "planets"[0m
  ↳ db/seeds.rb:11
  [1m[35m (0.1ms)[0m  [1m[36mbegin transaction[0m
  ↳ db/seeds.rb:11
  [1m[36mPlanet Destroy (0.3ms)[0m  [1m[31mDELETE FROM "planets" WHERE "planets"."id" = ?[0m  [["id", 13]]
  ↳ db/seeds.rb:11
  [1m[35m (1.0ms)[0m  [1m[36mcommit transaction[0m
  ↳ db/seeds.rb:11
  [1m[35m (0.0ms)[0m  [1m[36mbegin transaction[0m
  ↳ db/seeds.rb:11
  [1m[36mPlanet Destroy (0.2ms)[0m  [1m[31mDELETE FROM "planets" WHERE "planets"."id" = ?[0m  [["id", 14]]
  ↳ db/seeds.rb:11
  [1m[35m (0.6ms)[0m  [1m[36mcommit transaction[0m
  ↳ db/seeds.rb:11
  [1m[35m (0.0ms)[0m  [1m[36mbegin transaction[0m
  ↳ db/seeds.rb:11
  [1m[36mPlanet Destroy (0.1ms)[0m  [1m[31mDELETE FROM "planets" WHERE "planets"."id" = ?[0m  [["id", 15]]
  ↳ db/seeds.rb:11
  [1m[35m (0.4ms)[0m  [1m[36mcommit transaction[0m
  ↳ db/seeds.rb:11
  [1m[35m (0.0ms)[0m  [1m[36mbegin transaction[0m
  ↳ db/seeds.rb:11
  [1m[36mPlanet Destroy (0.2ms)[0m  [1m[31mDELETE FROM "planets" WHERE "planets"."id" = ?[0m  [["id", 16]]
  ↳ db/seeds.rb:11
  [1m[35m (0.4ms)[0m  [1m[36mcommit transaction[0m
  ↳ db/seeds.rb:11
  [1m[35m (0.0ms)[0m  [1m[36mbegin transaction[0m
  ↳ db/seeds.rb:13
  [1m[36mPlanet Create (0.3ms)[0m  [1m[32mINSERT INTO "planets" ("name", "orbit", "diameter", "mass", "temperature", "moons", "created_at", "updated_at") VALUES (?, ?, ?, ?, ?, ?, ?, ?)[0m  [["name", "Earth"], ["orbit", 1.0], ["diameter", 1.0], ["mass", 1.0], ["temperature", 1.0], ["moons", 1], ["created_at", "2018-10-09 01:41:15.555453"], ["updated_at", "2018-10-09 01:41:15.555453"]]
  ↳ db/seeds.rb:13
  [1m[35m (0.5ms)[0m  [1m[36mcommit transaction[0m
  ↳ db/seeds.rb:13
  [1m[35m (0.0ms)[0m  [1m[36mbegin transaction[0m
  ↳ db/seeds.rb:14
  [1m[36mPlanet Create (0.2ms)[0m  [1m[32mINSERT INTO "planets" ("name", "orbit", "diameter", "mass", "temperature", "moons", "created_at", "updated_at") VALUES (?, ?, ?, ?, ?, ?, ?, ?)[0m  [["name", "Mars"], ["orbit", 687.0], ["diameter", 0.2], ["mass", 2.0], ["temperature", 0.2], ["moons", 2], ["created_at", "2018-10-09 01:41:15.558333"], ["updated_at", "2018-10-09 01:41:15.558333"]]
  ↳ db/seeds.rb:14
  [1m[35m (0.5ms)[0m  [1m[36mcommit transaction[0m
  ↳ db/seeds.rb:14
  [1m[35m (0.0ms)[0m  [1m[36mbegin transaction[0m
  ↳ db/seeds.rb:15
  [1m[36mPlanet Create (0.2ms)[0m  [1m[32mINSERT INTO "planets" ("name", "orbit", "diameter", "mass", "temperature", "moons", "created_at", "updated_at") VALUES (?, ?, ?, ?, ?, ?, ?, ?)[0m  [["name", "Venus"], ["orbit", 0.7], ["diameter", 0.1], ["mass", 0.7], ["temperature", 5.0], ["moons", 3], ["created_at", "2018-10-09 01:41:15.560742"], ["updated_at", "2018-10-09 01:41:15.560742"]]
  ↳ db/seeds.rb:15
  [1m[35m (0.4ms)[0m  [1m[36mcommit transaction[0m
  ↳ db/seeds.rb:15
  [1m[35m (0.0ms)[0m  [1m[36mbegin transaction[0m
  ↳ db/seeds.rb:16
  [1m[36mPlanet Create (0.2ms)[0m  [1m[32mINSERT INTO "planets" ("name", "orbit", "diameter", "mass", "temperature", "moons", "created_at", "updated_at") VALUES (?, ?, ?, ?, ?, ?, ?, ?)[0m  [["name", "Jupiter"], ["orbit", 800.0], ["diameter", 500.0], ["mass", 10000.0], ["temperature", 0.1], ["moons", 79], ["created_at", "2018-10-09 01:41:15.562784"], ["updated_at", "2018-10-09 01:41:15.562784"]]
  ↳ db/seeds.rb:16
  [1m[35m (0.4ms)[0m  [1m[36mcommit transaction[0m
  ↳ db/seeds.rb:16
  [1m[36mPlanet Load (0.1ms)[0m  [1m[34mSELECT "planets".* FROM "planets"[0m
  ↳ db/seeds.rb:18
  [1m[35m (0.7ms)[0m  [1m[34mSELECT "planets"."name" FROM "planets"[0m
Started GET "/" for 127.0.0.1 at 2018-10-09 12:41:49 +1100
  [1m[35m (0.1ms)[0m  [1m[34mSELECT "schema_migrations"."version" FROM "schema_migrations" ORDER BY "schema_migrations"."version" ASC[0m
Processing by Rails::WelcomeController#index as HTML
  Rendering /Users/textchimp/.rvm/gems/ruby-2.4.1/gems/railties-5.2.1/lib/rails/templates/rails/welcome/index.html.erb
  Rendered /Users/textchimp/.rvm/gems/ruby-2.4.1/gems/railties-5.2.1/lib/rails/templates/rails/welcome/index.html.erb (12.1ms)
Completed 200 OK in 36ms (Views: 22.5ms | ActiveRecord: 0.0ms)


  [1m[35m (0.1ms)[0m  [1m[34mSELECT "planets"."name" FROM "planets"[0m
Started GET "/planets" for 127.0.0.1 at 2018-10-09 12:48:47 +1100
  [1m[35m (0.2ms)[0m  [1m[34mSELECT "schema_migrations"."version" FROM "schema_migrations" ORDER BY "schema_migrations"."version" ASC[0m
  ↳ /Users/textchimp/.rvm/gems/ruby-2.4.1/gems/activerecord-5.2.1/lib/active_record/log_subscriber.rb:98
Processing by PlanetsController#index as HTML
Completed 406 Not Acceptable in 50ms (ActiveRecord: 0.0ms)


  
ActionController::UnknownFormat (PlanetsController#index is missing a template for this request format and variant.

request.formats: ["text/html"]
request.variant: []

NOTE! For XHR/Ajax or API requests, this action would normally respond with 204 No Content: an empty white screen. Since you're loading it in a web browser, we assume that you expected to actually render a template, not nothing, so we're showing an error to be extra-clear. If you expect 204 No Content, carry on. That's what you'll get from an XHR or API request. Give it a shot.):
  
actionpack (5.2.1) lib/action_controller/metal/implicit_render.rb:55:in `default_render'
actionpack (5.2.1) lib/action_controller/metal/basic_implicit_render.rb:6:in `block in send_action'
actionpack (5.2.1) lib/action_controller/metal/basic_implicit_render.rb:6:in `tap'
actionpack (5.2.1) lib/action_controller/metal/basic_implicit_render.rb:6:in `send_action'
actionpack (5.2.1) lib/abstract_controller/base.rb:194:in `process_action'
actionpack (5.2.1) lib/action_controller/metal/rendering.rb:30:in `process_action'
actionpack (5.2.1) lib/abstract_controller/callbacks.rb:42:in `block in process_action'
activesupport (5.2.1) lib/active_support/callbacks.rb:132:in `run_callbacks'
actionpack (5.2.1) lib/abstract_controller/callbacks.rb:41:in `process_action'
actionpack (5.2.1) lib/action_controller/metal/rescue.rb:22:in `process_action'
actionpack (5.2.1) lib/action_controller/metal/instrumentation.rb:34:in `block in process_action'
activesupport (5.2.1) lib/active_support/notifications.rb:168:in `block in instrument'
activesupport (5.2.1) lib/active_support/notifications/instrumenter.rb:23:in `instrument'
activesupport (5.2.1) lib/active_support/notifications.rb:168:in `instrument'
actionpack (5.2.1) lib/action_controller/metal/instrumentation.rb:32:in `process_action'
actionpack (5.2.1) lib/action_controller/metal/params_wrapper.rb:256:in `process_action'
activerecord (5.2.1) lib/active_record/railties/controller_runtime.rb:24:in `process_action'
actionpack (5.2.1) lib/abstract_controller/base.rb:134:in `process'
actionview (5.2.1) lib/action_view/rendering.rb:32:in `process'
actionpack (5.2.1) lib/action_controller/metal.rb:191:in `dispatch'
actionpack (5.2.1) lib/action_controller/metal.rb:252:in `dispatch'
actionpack (5.2.1) lib/action_dispatch/routing/route_set.rb:52:in `dispatch'
actionpack (5.2.1) lib/action_dispatch/routing/route_set.rb:34:in `serve'
actionpack (5.2.1) lib/action_dispatch/journey/router.rb:52:in `block in serve'
actionpack (5.2.1) lib/action_dispatch/journey/router.rb:35:in `each'
actionpack (5.2.1) lib/action_dispatch/journey/router.rb:35:in `serve'
actionpack (5.2.1) lib/action_dispatch/routing/route_set.rb:840:in `call'
rack (2.0.5) lib/rack/tempfile_reaper.rb:15:in `call'
rack (2.0.5) lib/rack/etag.rb:25:in `call'
rack (2.0.5) lib/rack/conditional_get.rb:25:in `call'
rack (2.0.5) lib/rack/head.rb:12:in `call'
actionpack (5.2.1) lib/action_dispatch/http/content_security_policy.rb:18:in `call'
rack (2.0.5) lib/rack/session/abstract/id.rb:232:in `context'
rack (2.0.5) lib/rack/session/abstract/id.rb:226:in `call'
actionpack (5.2.1) lib/action_dispatch/middleware/cookies.rb:670:in `call'
activerecord (5.2.1) lib/active_record/migration.rb:559:in `call'
actionpack (5.2.1) lib/action_dispatch/middleware/callbacks.rb:28:in `block in call'
activesupport (5.2.1) lib/active_support/callbacks.rb:98:in `run_callbacks'
actionpack (5.2.1) lib/action_dispatch/middleware/callbacks.rb:26:in `call'
actionpack (5.2.1) lib/action_dispatch/middleware/executor.rb:14:in `call'
actionpack (5.2.1) lib/action_dispatch/middleware/debug_exceptions.rb:61:in `call'
web-console (3.7.0) lib/web_console/middleware.rb:135:in `call_app'
web-console (3.7.0) lib/web_console/middleware.rb:30:in `block in call'
web-console (3.7.0) lib/web_console/middleware.rb:20:in `catch'
web-console (3.7.0) lib/web_console/middleware.rb:20:in `call'
actionpack (5.2.1) lib/action_dispatch/middleware/show_exceptions.rb:33:in `call'
railties (5.2.1) lib/rails/rack/logger.rb:38:in `call_app'
railties (5.2.1) lib/rails/rack/logger.rb:26:in `block in call'
activesupport (5.2.1) lib/active_support/tagged_logging.rb:71:in `block in tagged'
activesupport (5.2.1) lib/active_support/tagged_logging.rb:28:in `tagged'
activesupport (5.2.1) lib/active_support/tagged_logging.rb:71:in `tagged'
railties (5.2.1) lib/rails/rack/logger.rb:26:in `call'
sprockets-rails (3.2.1) lib/sprockets/rails/quiet_assets.rb:13:in `call'
actionpack (5.2.1) lib/action_dispatch/middleware/remote_ip.rb:81:in `call'
actionpack (5.2.1) lib/action_dispatch/middleware/request_id.rb:27:in `call'
rack (2.0.5) lib/rack/method_override.rb:22:in `call'
rack (2.0.5) lib/rack/runtime.rb:22:in `call'
activesupport (5.2.1) lib/active_support/cache/strategy/local_cache_middleware.rb:29:in `call'
actionpack (5.2.1) lib/action_dispatch/middleware/executor.rb:14:in `call'
actionpack (5.2.1) lib/action_dispatch/middleware/static.rb:127:in `call'
rack (2.0.5) lib/rack/sendfile.rb:111:in `call'
railties (5.2.1) lib/rails/engine.rb:524:in `call'
puma (3.12.0) lib/puma/configuration.rb:225:in `call'
puma (3.12.0) lib/puma/server.rb:658:in `handle_request'
puma (3.12.0) lib/puma/server.rb:472:in `process_client'
puma (3.12.0) lib/puma/server.rb:332:in `block in run'
puma (3.12.0) lib/puma/thread_pool.rb:133:in `block in spawn_thread'
Started GET "/planets" for 127.0.0.1 at 2018-10-09 12:50:23 +1100
Processing by PlanetsController#index as HTML
  Rendering planets/index.html.erb within layouts/application
  Rendered planets/index.html.erb within layouts/application (0.6ms)
Completed 200 OK in 239ms (Views: 236.7ms | ActiveRecord: 0.0ms)


Started GET "/planets" for 127.0.0.1 at 2018-10-09 12:52:37 +1100
Processing by PlanetsController#index as HTML
  Rendering planets/index.html.erb within layouts/application
  Rendered planets/index.html.erb within layouts/application (0.7ms)
Completed 200 OK in 24ms (Views: 20.8ms | ActiveRecord: 0.0ms)


Started GET "/planets" for 127.0.0.1 at 2018-10-09 12:52:40 +1100
Processing by PlanetsController#index as HTML
  Rendering planets/index.html.erb within layouts/application
  Rendered planets/index.html.erb within layouts/application (0.6ms)
Completed 200 OK in 50ms (Views: 48.2ms | ActiveRecord: 0.0ms)


Started GET "/planets" for 127.0.0.1 at 2018-10-09 12:54:05 +1100
Processing by PlanetsController#index as HTML
  Rendering planets/index.html.erb within layouts/application
  Rendered planets/index.html.erb within layouts/application (0.3ms)
Completed 200 OK in 49ms (Views: 47.5ms | ActiveRecord: 0.0ms)


Started GET "/planets" for 127.0.0.1 at 2018-10-09 12:54:14 +1100
Processing by PlanetsController#index as HTML
  Rendering planets/index.html.erb within layouts/application
  Rendered planets/index.html.erb within layouts/application (0.3ms)
Completed 200 OK in 19ms (Views: 17.9ms | ActiveRecord: 0.0ms)


Started GET "/planets" for 127.0.0.1 at 2018-10-09 12:58:48 +1100
Processing by PlanetsController#index as HTML
  Rendering planets/index.html.erb within layouts/application
  Rendered planets/index.html.erb within layouts/application (13.0ms)
Completed 500 Internal Server Error in 28ms (ActiveRecord: 0.0ms)


  
ActionView::Template::Error (undefined method `each' for nil:NilClass):
    2: <h2>Index of Planets</h2>
    3: 
    4: <ul>
    5: <% @planets.each do |planet| %>
    6:   <li><%= planet.name %></li>
    7: <% end %>
    8: </ul>
  
app/views/planets/index.html.erb:5:in `_app_views_planets_index_html_erb___921158567832071337_70249442820980'
Started GET "/planets" for 127.0.0.1 at 2018-10-09 12:58:59 +1100
Processing by PlanetsController#index as HTML
  Rendering planets/index.html.erb within layouts/application
  [1m[36mPlanet Load (0.2ms)[0m  [1m[34mSELECT "planets".* FROM "planets"[0m
  ↳ app/views/planets/index.html.erb:5
  Rendered planets/index.html.erb within layouts/application (11.0ms)
Completed 200 OK in 33ms (Views: 28.0ms | ActiveRecord: 0.8ms)


Started GET "/planets" for 127.0.0.1 at 2018-10-09 13:01:48 +1100
Processing by PlanetsController#index as HTML
  Rendering planets/index.html.erb within layouts/application
  [1m[36mPlanet Load (0.1ms)[0m  [1m[34mSELECT "planets".* FROM "planets"[0m
  ↳ app/views/planets/index.html.erb:5
  Rendered planets/index.html.erb within layouts/application (8.4ms)
Completed 200 OK in 28ms (Views: 24.9ms | ActiveRecord: 0.5ms)


Started GET "/planets/17" for 127.0.0.1 at 2018-10-09 13:02:39 +1100
  
ActionController::RoutingError (No route matches [GET] "/planets/17"):
  
actionpack (5.2.1) lib/action_dispatch/middleware/debug_exceptions.rb:65:in `call'
web-console (3.7.0) lib/web_console/middleware.rb:135:in `call_app'
web-console (3.7.0) lib/web_console/middleware.rb:30:in `block in call'
web-console (3.7.0) lib/web_console/middleware.rb:20:in `catch'
web-console (3.7.0) lib/web_console/middleware.rb:20:in `call'
actionpack (5.2.1) lib/action_dispatch/middleware/show_exceptions.rb:33:in `call'
railties (5.2.1) lib/rails/rack/logger.rb:38:in `call_app'
railties (5.2.1) lib/rails/rack/logger.rb:26:in `block in call'
activesupport (5.2.1) lib/active_support/tagged_logging.rb:71:in `block in tagged'
activesupport (5.2.1) lib/active_support/tagged_logging.rb:28:in `tagged'
activesupport (5.2.1) lib/active_support/tagged_logging.rb:71:in `tagged'
railties (5.2.1) lib/rails/rack/logger.rb:26:in `call'
sprockets-rails (3.2.1) lib/sprockets/rails/quiet_assets.rb:13:in `call'
actionpack (5.2.1) lib/action_dispatch/middleware/remote_ip.rb:81:in `call'
actionpack (5.2.1) lib/action_dispatch/middleware/request_id.rb:27:in `call'
rack (2.0.5) lib/rack/method_override.rb:22:in `call'
rack (2.0.5) lib/rack/runtime.rb:22:in `call'
activesupport (5.2.1) lib/active_support/cache/strategy/local_cache_middleware.rb:29:in `call'
actionpack (5.2.1) lib/action_dispatch/middleware/executor.rb:14:in `call'
actionpack (5.2.1) lib/action_dispatch/middleware/static.rb:127:in `call'
rack (2.0.5) lib/rack/sendfile.rb:111:in `call'
railties (5.2.1) lib/rails/engine.rb:524:in `call'
puma (3.12.0) lib/puma/configuration.rb:225:in `call'
puma (3.12.0) lib/puma/server.rb:658:in `handle_request'
puma (3.12.0) lib/puma/server.rb:472:in `process_client'
puma (3.12.0) lib/puma/server.rb:332:in `block in run'
puma (3.12.0) lib/puma/thread_pool.rb:133:in `block in spawn_thread'
Started PUT "/__web_console/repl_sessions/3e683fc89ac2da465bf4d164ae26ef2c" for 127.0.0.1 at 2018-10-09 14:06:18 +1100
Started PUT "/__web_console/repl_sessions/3e683fc89ac2da465bf4d164ae26ef2c" for 127.0.0.1 at 2018-10-09 14:06:18 +1100
Started PUT "/__web_console/repl_sessions/3e683fc89ac2da465bf4d164ae26ef2c" for 127.0.0.1 at 2018-10-09 14:06:24 +1100
Started GET "/planets" for 127.0.0.1 at 2018-10-09 14:09:45 +1100
Processing by PlanetsController#index as HTML
  Rendering planets/index.html.erb within layouts/application
  [1m[36mPlanet Load (0.2ms)[0m  [1m[34mSELECT "planets".* FROM "planets"[0m
  ↳ app/views/planets/index.html.erb:5
  Rendered planets/index.html.erb within layouts/application (2.4ms)
Completed 200 OK in 30ms (Views: 26.2ms | ActiveRecord: 0.2ms)


Started GET "/planets/17" for 127.0.0.1 at 2018-10-09 14:11:33 +1100
  
ActionController::RoutingError (No route matches [GET] "/planets/17"):
  
actionpack (5.2.1) lib/action_dispatch/middleware/debug_exceptions.rb:65:in `call'
web-console (3.7.0) lib/web_console/middleware.rb:135:in `call_app'
web-console (3.7.0) lib/web_console/middleware.rb:30:in `block in call'
web-console (3.7.0) lib/web_console/middleware.rb:20:in `catch'
web-console (3.7.0) lib/web_console/middleware.rb:20:in `call'
actionpack (5.2.1) lib/action_dispatch/middleware/show_exceptions.rb:33:in `call'
railties (5.2.1) lib/rails/rack/logger.rb:38:in `call_app'
railties (5.2.1) lib/rails/rack/logger.rb:26:in `block in call'
activesupport (5.2.1) lib/active_support/tagged_logging.rb:71:in `block in tagged'
activesupport (5.2.1) lib/active_support/tagged_logging.rb:28:in `tagged'
activesupport (5.2.1) lib/active_support/tagged_logging.rb:71:in `tagged'
railties (5.2.1) lib/rails/rack/logger.rb:26:in `call'
sprockets-rails (3.2.1) lib/sprockets/rails/quiet_assets.rb:13:in `call'
actionpack (5.2.1) lib/action_dispatch/middleware/remote_ip.rb:81:in `call'
actionpack (5.2.1) lib/action_dispatch/middleware/request_id.rb:27:in `call'
rack (2.0.5) lib/rack/method_override.rb:22:in `call'
rack (2.0.5) lib/rack/runtime.rb:22:in `call'
activesupport (5.2.1) lib/active_support/cache/strategy/local_cache_middleware.rb:29:in `call'
actionpack (5.2.1) lib/action_dispatch/middleware/executor.rb:14:in `call'
actionpack (5.2.1) lib/action_dispatch/middleware/static.rb:127:in `call'
rack (2.0.5) lib/rack/sendfile.rb:111:in `call'
railties (5.2.1) lib/rails/engine.rb:524:in `call'
puma (3.12.0) lib/puma/configuration.rb:225:in `call'
puma (3.12.0) lib/puma/server.rb:658:in `handle_request'
puma (3.12.0) lib/puma/server.rb:472:in `process_client'
puma (3.12.0) lib/puma/server.rb:332:in `block in run'
puma (3.12.0) lib/puma/thread_pool.rb:133:in `block in spawn_thread'
Started GET "/planets/17" for 127.0.0.1 at 2018-10-09 14:19:26 +1100
Processing by PlanetsController#show as HTML
  Parameters: {"id"=>"17"}
  [1m[36mPlanet Load (0.2ms)[0m  [1m[34mSELECT  "planets".* FROM "planets" WHERE "planets"."id" = ? LIMIT ?[0m  [["id", 17], ["LIMIT", 1]]
  ↳ app/controllers/planets_controller.rb:16
  Rendering planets/show.html.erb within layouts/application
  Rendered planets/show.html.erb within layouts/application (0.8ms)
Completed 200 OK in 62ms (Views: 39.0ms | ActiveRecord: 0.9ms)


Started GET "/planets" for 127.0.0.1 at 2018-10-09 14:19:33 +1100
Processing by PlanetsController#index as HTML
  Rendering planets/index.html.erb within layouts/application
  [1m[36mPlanet Load (0.2ms)[0m  [1m[34mSELECT "planets".* FROM "planets"[0m
  ↳ app/views/planets/index.html.erb:5
  Rendered planets/index.html.erb within layouts/application (1.6ms)
Completed 200 OK in 21ms (Views: 18.8ms | ActiveRecord: 0.2ms)


Started GET "/planets/18" for 127.0.0.1 at 2018-10-09 14:19:34 +1100
Processing by PlanetsController#show as HTML
  Parameters: {"id"=>"18"}
  [1m[36mPlanet Load (0.1ms)[0m  [1m[34mSELECT  "planets".* FROM "planets" WHERE "planets"."id" = ? LIMIT ?[0m  [["id", 18], ["LIMIT", 1]]
  ↳ app/controllers/planets_controller.rb:16
  Rendering planets/show.html.erb within layouts/application
  Rendered planets/show.html.erb within layouts/application (0.8ms)
Completed 200 OK in 22ms (Views: 18.9ms | ActiveRecord: 0.1ms)


Started GET "/planets/18" for 127.0.0.1 at 2018-10-09 14:20:32 +1100
Processing by PlanetsController#show as HTML
  Parameters: {"id"=>"18"}
  [1m[36mPlanet Load (0.1ms)[0m  [1m[34mSELECT  "planets".* FROM "planets" WHERE "planets"."id" = ? LIMIT ?[0m  [["id", 18], ["LIMIT", 1]]
  ↳ app/controllers/planets_controller.rb:16
  Rendering planets/show.html.erb within layouts/application
  Rendered planets/show.html.erb within layouts/application (0.6ms)
Completed 200 OK in 22ms (Views: 20.0ms | ActiveRecord: 0.1ms)


Started GET "/planets/18" for 127.0.0.1 at 2018-10-09 14:21:54 +1100
Processing by PlanetsController#show as HTML
  Parameters: {"id"=>"18"}
  [1m[36mPlanet Load (0.1ms)[0m  [1m[34mSELECT  "planets".* FROM "planets" WHERE "planets"."id" = ? LIMIT ?[0m  [["id", 18], ["LIMIT", 1]]
  ↳ app/controllers/planets_controller.rb:16
  Rendering planets/show.html.erb within layouts/application
  Rendered planets/show.html.erb within layouts/application (1.6ms)
Completed 200 OK in 48ms (Views: 43.7ms | ActiveRecord: 0.1ms)


Started GET "/planets/18" for 127.0.0.1 at 2018-10-09 14:23:42 +1100
Processing by PlanetsController#show as HTML
  Parameters: {"id"=>"18"}
  [1m[36mPlanet Load (0.1ms)[0m  [1m[34mSELECT  "planets".* FROM "planets" WHERE "planets"."id" = ? LIMIT ?[0m  [["id", 18], ["LIMIT", 1]]
  ↳ app/controllers/planets_controller.rb:16
  Rendering planets/show.html.erb within layouts/application
  Rendered planets/show.html.erb within layouts/application (0.9ms)
Completed 200 OK in 36ms (Views: 32.5ms | ActiveRecord: 0.1ms)


Started GET "/planets" for 127.0.0.1 at 2018-10-09 14:23:53 +1100
Processing by PlanetsController#index as HTML
  Rendering planets/index.html.erb within layouts/application
  [1m[36mPlanet Load (0.3ms)[0m  [1m[34mSELECT "planets".* FROM "planets"[0m
  ↳ app/views/planets/index.html.erb:5
  Rendered planets/index.html.erb within layouts/application (3.0ms)
Completed 200 OK in 49ms (Views: 45.2ms | ActiveRecord: 0.3ms)


Started GET "/planets/19" for 127.0.0.1 at 2018-10-09 14:23:54 +1100
Processing by PlanetsController#show as HTML
  Parameters: {"id"=>"19"}
  [1m[36mPlanet Load (0.1ms)[0m  [1m[34mSELECT  "planets".* FROM "planets" WHERE "planets"."id" = ? LIMIT ?[0m  [["id", 19], ["LIMIT", 1]]
  ↳ app/controllers/planets_controller.rb:16
  Rendering planets/show.html.erb within layouts/application
  Rendered planets/show.html.erb within layouts/application (0.7ms)
Completed 200 OK in 32ms (Views: 28.5ms | ActiveRecord: 0.1ms)


Started GET "/rails/info/routes" for 127.0.0.1 at 2018-10-09 14:25:23 +1100
Processing by Rails::InfoController#routes as HTML
  Rendering /Users/textchimp/.rvm/gems/ruby-2.4.1/gems/railties-5.2.1/lib/rails/templates/rails/info/routes.html.erb within layouts/application
  Rendered collection of /Users/textchimp/.rvm/gems/ruby-2.4.1/gems/actionpack-5.2.1/lib/action_dispatch/middleware/templates/routes/_route.html.erb [7 times] (3.4ms)
  Rendered /Users/textchimp/.rvm/gems/ruby-2.4.1/gems/actionpack-5.2.1/lib/action_dispatch/middleware/templates/routes/_table.html.erb (1.6ms)
  Rendered /Users/textchimp/.rvm/gems/ruby-2.4.1/gems/railties-5.2.1/lib/rails/templates/rails/info/routes.html.erb within layouts/application (9.9ms)
Completed 200 OK in 21ms (Views: 16.0ms | ActiveRecord: 0.0ms)


Started GET "/rails/info/routes" for 127.0.0.1 at 2018-10-09 14:28:08 +1100
Processing by Rails::InfoController#routes as HTML
  Rendering /Users/textchimp/.rvm/gems/ruby-2.4.1/gems/railties-5.2.1/lib/rails/templates/rails/info/routes.html.erb within layouts/application
  Rendered collection of /Users/textchimp/.rvm/gems/ruby-2.4.1/gems/actionpack-5.2.1/lib/action_dispatch/middleware/templates/routes/_route.html.erb [7 times] (2.2ms)
  Rendered /Users/textchimp/.rvm/gems/ruby-2.4.1/gems/actionpack-5.2.1/lib/action_dispatch/middleware/templates/routes/_table.html.erb (0.9ms)
  Rendered /Users/textchimp/.rvm/gems/ruby-2.4.1/gems/railties-5.2.1/lib/rails/templates/rails/info/routes.html.erb within layouts/application (8.2ms)
Completed 200 OK in 17ms (Views: 13.8ms | ActiveRecord: 0.0ms)


Started GET "/planets" for 127.0.0.1 at 2018-10-09 14:31:09 +1100
Processing by PlanetsController#index as HTML
  Rendering planets/index.html.erb within layouts/application
  [1m[36mPlanet Load (0.2ms)[0m  [1m[34mSELECT "planets".* FROM "planets"[0m
  ↳ app/views/planets/index.html.erb:5
  Rendered planets/index.html.erb within layouts/application (14.7ms)
Completed 200 OK in 45ms (Views: 40.1ms | ActiveRecord: 0.8ms)


Started GET "/planets" for 127.0.0.1 at 2018-10-09 14:31:36 +1100
Processing by PlanetsController#index as HTML
  Rendering planets/index.html.erb within layouts/application
  [1m[36mPlanet Load (0.2ms)[0m  [1m[34mSELECT "planets".* FROM "planets"[0m
  ↳ app/views/planets/index.html.erb:5
  Rendered planets/index.html.erb within layouts/application (19.4ms)
Completed 200 OK in 40ms (Views: 35.2ms | ActiveRecord: 0.8ms)


Started GET "/the_planets/17" for 127.0.0.1 at 2018-10-09 14:31:39 +1100
Processing by PlanetsController#show as HTML
  Parameters: {"id"=>"17"}
  [1m[36mPlanet Load (0.2ms)[0m  [1m[34mSELECT  "planets".* FROM "planets" WHERE "planets"."id" = ? LIMIT ?[0m  [["id", 17], ["LIMIT", 1]]
  ↳ app/controllers/planets_controller.rb:16
  Rendering planets/show.html.erb within layouts/application
  Rendered planets/show.html.erb within layouts/application (1.0ms)
Completed 200 OK in 25ms (Views: 21.1ms | ActiveRecord: 0.2ms)


Started GET "/the_planets/17" for 127.0.0.1 at 2018-10-09 14:33:08 +1100
Processing by PlanetsController#show as HTML
  Parameters: {"id"=>"17"}
  [1m[36mPlanet Load (0.1ms)[0m  [1m[34mSELECT  "planets".* FROM "planets" WHERE "planets"."id" = ? LIMIT ?[0m  [["id", 17], ["LIMIT", 1]]
  ↳ app/controllers/planets_controller.rb:16
  Rendering planets/show.html.erb within layouts/application
  Rendered planets/show.html.erb within layouts/application (0.5ms)
Completed 200 OK in 22ms (Views: 18.9ms | ActiveRecord: 0.1ms)


Started GET "/planets" for 127.0.0.1 at 2018-10-09 14:33:08 +1100
Processing by PlanetsController#index as HTML
  Rendering planets/index.html.erb within layouts/application
  [1m[36mPlanet Load (0.3ms)[0m  [1m[34mSELECT "planets".* FROM "planets"[0m
  ↳ app/views/planets/index.html.erb:5
  Rendered planets/index.html.erb within layouts/application (1.9ms)
Completed 200 OK in 22ms (Views: 20.4ms | ActiveRecord: 0.3ms)


Started GET "/planets" for 127.0.0.1 at 2018-10-09 14:33:10 +1100
Processing by PlanetsController#index as HTML
  Rendering planets/index.html.erb within layouts/application
  [1m[36mPlanet Load (0.1ms)[0m  [1m[34mSELECT "planets".* FROM "planets"[0m
  ↳ app/views/planets/index.html.erb:5
  Rendered planets/index.html.erb within layouts/application (1.3ms)
Completed 200 OK in 15ms (Views: 13.0ms | ActiveRecord: 0.1ms)


Started GET "/the_planets/19" for 127.0.0.1 at 2018-10-09 14:33:31 +1100
Processing by PlanetsController#show as HTML
  Parameters: {"id"=>"19"}
  [1m[36mPlanet Load (0.1ms)[0m  [1m[34mSELECT  "planets".* FROM "planets" WHERE "planets"."id" = ? LIMIT ?[0m  [["id", 19], ["LIMIT", 1]]
  ↳ app/controllers/planets_controller.rb:16
  Rendering planets/show.html.erb within layouts/application
  Rendered planets/show.html.erb within layouts/application (0.9ms)
Completed 200 OK in 34ms (Views: 30.4ms | ActiveRecord: 0.1ms)


Started GET "/planets/new" for 127.0.0.1 at 2018-10-09 14:43:26 +1100
Processing by PlanetsController#new as HTML
  Rendering planets/new.html.erb within layouts/application
  Rendered planets/new.html.erb within layouts/application (0.6ms)
Completed 200 OK in 32ms (Views: 28.3ms | ActiveRecord: 0.0ms)


Started POST "/planets" for 127.0.0.1 at 2018-10-09 14:43:51 +1100
Processing by PlanetsController#create as HTML
  Parameters: {"name"=>"a", "image"=>"b", "orbit"=>"2", "diameter"=>"3", "mass"=>"4", "temperature"=>"5", "moons"=>"6"}
Can't verify CSRF token authenticity.
Completed 422 Unprocessable Entity in 1ms (ActiveRecord: 0.0ms)


  
ActionController::InvalidAuthenticityToken (ActionController::InvalidAuthenticityToken):
  
actionpack (5.2.1) lib/action_controller/metal/request_forgery_protection.rb:211:in `handle_unverified_request'
actionpack (5.2.1) lib/action_controller/metal/request_forgery_protection.rb:243:in `handle_unverified_request'
actionpack (5.2.1) lib/action_controller/metal/request_forgery_protection.rb:238:in `verify_authenticity_token'
activesupport (5.2.1) lib/active_support/callbacks.rb:426:in `block in make_lambda'
activesupport (5.2.1) lib/active_support/callbacks.rb:198:in `block (2 levels) in halting'
actionpack (5.2.1) lib/abstract_controller/callbacks.rb:34:in `block (2 levels) in <module:Callbacks>'
activesupport (5.2.1) lib/active_support/callbacks.rb:199:in `block in halting'
activesupport (5.2.1) lib/active_support/callbacks.rb:513:in `block in invoke_before'
activesupport (5.2.1) lib/active_support/callbacks.rb:513:in `each'
activesupport (5.2.1) lib/active_support/callbacks.rb:513:in `invoke_before'
activesupport (5.2.1) lib/active_support/callbacks.rb:131:in `run_callbacks'
actionpack (5.2.1) lib/abstract_controller/callbacks.rb:41:in `process_action'
actionpack (5.2.1) lib/action_controller/metal/rescue.rb:22:in `process_action'
actionpack (5.2.1) lib/action_controller/metal/instrumentation.rb:34:in `block in process_action'
activesupport (5.2.1) lib/active_support/notifications.rb:168:in `block in instrument'
activesupport (5.2.1) lib/active_support/notifications/instrumenter.rb:23:in `instrument'
activesupport (5.2.1) lib/active_support/notifications.rb:168:in `instrument'
actionpack (5.2.1) lib/action_controller/metal/instrumentation.rb:32:in `process_action'
actionpack (5.2.1) lib/action_controller/metal/params_wrapper.rb:256:in `process_action'
activerecord (5.2.1) lib/active_record/railties/controller_runtime.rb:24:in `process_action'
actionpack (5.2.1) lib/abstract_controller/base.rb:134:in `process'
actionview (5.2.1) lib/action_view/rendering.rb:32:in `process'
actionpack (5.2.1) lib/action_controller/metal.rb:191:in `dispatch'
actionpack (5.2.1) lib/action_controller/metal.rb:252:in `dispatch'
actionpack (5.2.1) lib/action_dispatch/routing/route_set.rb:52:in `dispatch'
actionpack (5.2.1) lib/action_dispatch/routing/route_set.rb:34:in `serve'
actionpack (5.2.1) lib/action_dispatch/journey/router.rb:52:in `block in serve'
actionpack (5.2.1) lib/action_dispatch/journey/router.rb:35:in `each'
actionpack (5.2.1) lib/action_dispatch/journey/router.rb:35:in `serve'
actionpack (5.2.1) lib/action_dispatch/routing/route_set.rb:840:in `call'
rack (2.0.5) lib/rack/tempfile_reaper.rb:15:in `call'
rack (2.0.5) lib/rack/etag.rb:25:in `call'
rack (2.0.5) lib/rack/conditional_get.rb:38:in `call'
rack (2.0.5) lib/rack/head.rb:12:in `call'
actionpack (5.2.1) lib/action_dispatch/http/content_security_policy.rb:18:in `call'
rack (2.0.5) lib/rack/session/abstract/id.rb:232:in `context'
rack (2.0.5) lib/rack/session/abstract/id.rb:226:in `call'
actionpack (5.2.1) lib/action_dispatch/middleware/cookies.rb:670:in `call'
activerecord (5.2.1) lib/active_record/migration.rb:559:in `call'
actionpack (5.2.1) lib/action_dispatch/middleware/callbacks.rb:28:in `block in call'
activesupport (5.2.1) lib/active_support/callbacks.rb:98:in `run_callbacks'
actionpack (5.2.1) lib/action_dispatch/middleware/callbacks.rb:26:in `call'
actionpack (5.2.1) lib/action_dispatch/middleware/executor.rb:14:in `call'
actionpack (5.2.1) lib/action_dispatch/middleware/debug_exceptions.rb:61:in `call'
web-console (3.7.0) lib/web_console/middleware.rb:135:in `call_app'
web-console (3.7.0) lib/web_console/middleware.rb:30:in `block in call'
web-console (3.7.0) lib/web_console/middleware.rb:20:in `catch'
web-console (3.7.0) lib/web_console/middleware.rb:20:in `call'
actionpack (5.2.1) lib/action_dispatch/middleware/show_exceptions.rb:33:in `call'
railties (5.2.1) lib/rails/rack/logger.rb:38:in `call_app'
railties (5.2.1) lib/rails/rack/logger.rb:26:in `block in call'
activesupport (5.2.1) lib/active_support/tagged_logging.rb:71:in `block in tagged'
activesupport (5.2.1) lib/active_support/tagged_logging.rb:28:in `tagged'
activesupport (5.2.1) lib/active_support/tagged_logging.rb:71:in `tagged'
railties (5.2.1) lib/rails/rack/logger.rb:26:in `call'
sprockets-rails (3.2.1) lib/sprockets/rails/quiet_assets.rb:13:in `call'
actionpack (5.2.1) lib/action_dispatch/middleware/remote_ip.rb:81:in `call'
actionpack (5.2.1) lib/action_dispatch/middleware/request_id.rb:27:in `call'
rack (2.0.5) lib/rack/method_override.rb:22:in `call'
rack (2.0.5) lib/rack/runtime.rb:22:in `call'
activesupport (5.2.1) lib/active_support/cache/strategy/local_cache_middleware.rb:29:in `call'
actionpack (5.2.1) lib/action_dispatch/middleware/executor.rb:14:in `call'
actionpack (5.2.1) lib/action_dispatch/middleware/static.rb:127:in `call'
rack (2.0.5) lib/rack/sendfile.rb:111:in `call'
railties (5.2.1) lib/rails/engine.rb:524:in `call'
puma (3.12.0) lib/puma/configuration.rb:225:in `call'
puma (3.12.0) lib/puma/server.rb:658:in `handle_request'
puma (3.12.0) lib/puma/server.rb:472:in `process_client'
puma (3.12.0) lib/puma/server.rb:332:in `block in run'
puma (3.12.0) lib/puma/thread_pool.rb:133:in `block in spawn_thread'
Started POST "/planets" for 127.0.0.1 at 2018-10-09 14:46:21 +1100
Processing by PlanetsController#create as HTML
  Parameters: {"name"=>"a", "image"=>"b", "orbit"=>"2", "diameter"=>"3", "mass"=>"4", "temperature"=>"5", "moons"=>"6"}
Completed 500 Internal Server Error in 1ms (ActiveRecord: 0.0ms)


  
RuntimeError (hell):
  
app/controllers/planets_controller.rb:12:in `create'
Started PUT "/__web_console/repl_sessions/46534f4cb1ae0a9cdf9e4274cbd699f2" for 127.0.0.1 at 2018-10-09 14:46:42 +1100
Started PUT "/__web_console/repl_sessions/46534f4cb1ae0a9cdf9e4274cbd699f2" for 127.0.0.1 at 2018-10-09 14:46:46 +1100
Started POST "/planets" for 127.0.0.1 at 2018-10-09 14:47:53 +1100
Processing by PlanetsController#create as HTML
  Parameters: {"name"=>"a", "image"=>"b", "orbit"=>"2", "diameter"=>"3", "mass"=>"4", "temperature"=>"5", "moons"=>"6"}
Completed 500 Internal Server Error in 1ms (ActiveRecord: 0.0ms)


  
RuntimeError (hell):
  
app/controllers/planets_controller.rb:12:in `create'
Started POST "/planets" for 127.0.0.1 at 2018-10-09 14:58:51 +1100
Processing by PlanetsController#create as HTML
  Parameters: {"name"=>"Saturn", "image"=>"https://upload.wikimedia.org/wikipedia/commons/thumb/c/c7/Saturn_during_Equinox.jpg/1200px-Saturn_during_Equinox.jpg", "orbit"=>"600", "diameter"=>"100", "mass"=>"4000", "temperature"=>"0.01", "moons"=>"15"}
  [1m[35m (0.1ms)[0m  [1m[36mbegin transaction[0m
  ↳ app/controllers/planets_controller.rb:13
  [1m[36mPlanet Create (0.4ms)[0m  [1m[32mINSERT INTO "planets" ("name", "image", "orbit", "diameter", "mass", "temperature", "moons", "created_at", "updated_at") VALUES (?, ?, ?, ?, ?, ?, ?, ?, ?)[0m  [["name", "Saturn"], ["image", "https://upload.wikimedia.org/wikipedia/commons/thumb/c/c7/Saturn_during_Equinox.jpg/1200px-Saturn_during_Equinox.jpg"], ["orbit", 600.0], ["diameter", 100.0], ["mass", 4000.0], ["temperature", 0.01], ["moons", 15], ["created_at", "2018-10-09 03:58:51.378365"], ["updated_at", "2018-10-09 03:58:51.378365"]]
  ↳ app/controllers/planets_controller.rb:13
  [1m[35m (0.8ms)[0m  [1m[36mcommit transaction[0m
  ↳ app/controllers/planets_controller.rb:13
Redirected to http://localhost:3000/planets
Completed 302 Found in 22ms (ActiveRecord: 1.8ms)


Started GET "/planets" for 127.0.0.1 at 2018-10-09 14:58:51 +1100
Processing by PlanetsController#index as HTML
  Rendering planets/index.html.erb within layouts/application
  [1m[36mPlanet Load (0.2ms)[0m  [1m[34mSELECT "planets".* FROM "planets"[0m
  ↳ app/views/planets/index.html.erb:5
  Rendered planets/index.html.erb within layouts/application (18.7ms)
Completed 200 OK in 49ms (Views: 46.0ms | ActiveRecord: 0.2ms)


Started GET "/planets/21" for 127.0.0.1 at 2018-10-09 14:58:55 +1100
Processing by PlanetsController#show as HTML
  Parameters: {"id"=>"21"}
  [1m[36mPlanet Load (0.4ms)[0m  [1m[34mSELECT  "planets".* FROM "planets" WHERE "planets"."id" = ? LIMIT ?[0m  [["id", 21], ["LIMIT", 1]]
  ↳ app/controllers/planets_controller.rb:40
  Rendering planets/show.html.erb within layouts/application
  Rendered planets/show.html.erb within layouts/application (1.2ms)
Completed 200 OK in 29ms (Views: 23.1ms | ActiveRecord: 0.4ms)


Started GET "/planets/21" for 127.0.0.1 at 2018-10-09 15:16:05 +1100
Processing by PlanetsController#show as HTML
  Parameters: {"id"=>"21"}
  [1m[36mPlanet Load (0.1ms)[0m  [1m[34mSELECT  "planets".* FROM "planets" WHERE "planets"."id" = ? LIMIT ?[0m  [["id", 21], ["LIMIT", 1]]
  ↳ app/controllers/planets_controller.rb:40
  Rendering planets/show.html.erb within layouts/application
  Rendered planets/show.html.erb within layouts/application (1.2ms)
Completed 200 OK in 48ms (Views: 27.8ms | ActiveRecord: 0.9ms)


Started GET "/planets/21/edit" for 127.0.0.1 at 2018-10-09 15:16:11 +1100
Processing by PlanetsController#edit as HTML
  Parameters: {"id"=>"21"}
  [1m[36mPlanet Load (0.1ms)[0m  [1m[34mSELECT  "planets".* FROM "planets" WHERE "planets"."id" = ? LIMIT ?[0m  [["id", 21], ["LIMIT", 1]]
  ↳ app/controllers/planets_controller.rb:45
  Rendering planets/edit.html.erb within layouts/application
  Rendered planets/edit.html.erb within layouts/application (1.3ms)
Completed 200 OK in 20ms (Views: 17.8ms | ActiveRecord: 0.1ms)


Started POST "/planets/21" for 127.0.0.1 at 2018-10-09 15:16:43 +1100
  
ActionController::RoutingError (No route matches [POST] "/planets/21"):
  
actionpack (5.2.1) lib/action_dispatch/middleware/debug_exceptions.rb:65:in `call'
web-console (3.7.0) lib/web_console/middleware.rb:135:in `call_app'
web-console (3.7.0) lib/web_console/middleware.rb:30:in `block in call'
web-console (3.7.0) lib/web_console/middleware.rb:20:in `catch'
web-console (3.7.0) lib/web_console/middleware.rb:20:in `call'
actionpack (5.2.1) lib/action_dispatch/middleware/show_exceptions.rb:33:in `call'
railties (5.2.1) lib/rails/rack/logger.rb:38:in `call_app'
railties (5.2.1) lib/rails/rack/logger.rb:26:in `block in call'
activesupport (5.2.1) lib/active_support/tagged_logging.rb:71:in `block in tagged'
activesupport (5.2.1) lib/active_support/tagged_logging.rb:28:in `tagged'
activesupport (5.2.1) lib/active_support/tagged_logging.rb:71:in `tagged'
railties (5.2.1) lib/rails/rack/logger.rb:26:in `call'
sprockets-rails (3.2.1) lib/sprockets/rails/quiet_assets.rb:13:in `call'
actionpack (5.2.1) lib/action_dispatch/middleware/remote_ip.rb:81:in `call'
actionpack (5.2.1) lib/action_dispatch/middleware/request_id.rb:27:in `call'
rack (2.0.5) lib/rack/method_override.rb:22:in `call'
rack (2.0.5) lib/rack/runtime.rb:22:in `call'
activesupport (5.2.1) lib/active_support/cache/strategy/local_cache_middleware.rb:29:in `call'
actionpack (5.2.1) lib/action_dispatch/middleware/executor.rb:14:in `call'
actionpack (5.2.1) lib/action_dispatch/middleware/static.rb:127:in `call'
rack (2.0.5) lib/rack/sendfile.rb:111:in `call'
railties (5.2.1) lib/rails/engine.rb:524:in `call'
puma (3.12.0) lib/puma/configuration.rb:225:in `call'
puma (3.12.0) lib/puma/server.rb:658:in `handle_request'
puma (3.12.0) lib/puma/server.rb:472:in `process_client'
puma (3.12.0) lib/puma/server.rb:332:in `block in run'
puma (3.12.0) lib/puma/thread_pool.rb:133:in `block in spawn_thread'
Started POST "/planets/21" for 127.0.0.1 at 2018-10-09 15:27:33 +1100
Processing by PlanetsController#update as HTML
  Parameters: {"name"=>"Saturn 2", "image"=>"https://upload.wikimedia.org/wikipedia/commons/thumb/c/c7/Saturn_during_Equinox.jpg/1200px-Saturn_during_Equinox.jpg", "orbit"=>"602.0", "diameter"=>"100.2", "mass"=>"4000.2", "temperature"=>"0.012", "moons"=>"16", "id"=>"21"}
  [1m[36mPlanet Load (0.2ms)[0m  [1m[34mSELECT  "planets".* FROM "planets" WHERE "planets"."id" = ? LIMIT ?[0m  [["id", 21], ["LIMIT", 1]]
  ↳ app/controllers/planets_controller.rb:51
  [1m[35m (0.1ms)[0m  [1m[36mbegin transaction[0m
  ↳ app/controllers/planets_controller.rb:52
  [1m[36mPlanet Update (0.4ms)[0m  [1m[33mUPDATE "planets" SET "name" = ?, "orbit" = ?, "diameter" = ?, "mass" = ?, "temperature" = ?, "moons" = ?, "updated_at" = ? WHERE "planets"."id" = ?[0m  [["name", "Saturn 2"], ["orbit", 602.0], ["diameter", 100.2], ["mass", 4000.2], ["temperature", 0.012], ["moons", 16], ["updated_at", "2018-10-09 04:27:33.616155"], ["id", 21]]
  ↳ app/controllers/planets_controller.rb:52
  [1m[35m (0.6ms)[0m  [1m[36mcommit transaction[0m
  ↳ app/controllers/planets_controller.rb:52
Redirected to http://localhost:3000/planets/21
Completed 302 Found in 17ms (ActiveRecord: 1.8ms)


Started GET "/planets/21" for 127.0.0.1 at 2018-10-09 15:27:33 +1100
Processing by PlanetsController#show as HTML
  Parameters: {"id"=>"21"}
  [1m[36mPlanet Load (0.1ms)[0m  [1m[34mSELECT  "planets".* FROM "planets" WHERE "planets"."id" = ? LIMIT ?[0m  [["id", 21], ["LIMIT", 1]]
  ↳ app/controllers/planets_controller.rb:40
  Rendering planets/show.html.erb within layouts/application
  Rendered planets/show.html.erb within layouts/application (1.0ms)
Completed 200 OK in 34ms (Views: 31.2ms | ActiveRecord: 0.1ms)


Started POST "/planets/21" for 127.0.0.1 at 2018-10-09 15:27:58 +1100
Processing by PlanetsController#update as HTML
  Parameters: {"name"=>"Saturn 2", "image"=>"http://fillmurray.com/1000/800", "orbit"=>"602.0", "diameter"=>"100.2", "mass"=>"4000.2", "temperature"=>"0.012", "moons"=>"16", "id"=>"21"}
  [1m[36mPlanet Load (0.2ms)[0m  [1m[34mSELECT  "planets".* FROM "planets" WHERE "planets"."id" = ? LIMIT ?[0m  [["id", 21], ["LIMIT", 1]]
  ↳ app/controllers/planets_controller.rb:51
  [1m[35m (0.1ms)[0m  [1m[36mbegin transaction[0m
  ↳ app/controllers/planets_controller.rb:52
  [1m[36mPlanet Update (0.4ms)[0m  [1m[33mUPDATE "planets" SET "image" = ?, "updated_at" = ? WHERE "planets"."id" = ?[0m  [["image", "http://fillmurray.com/1000/800"], ["updated_at", "2018-10-09 04:27:58.652110"], ["id", 21]]
  ↳ app/controllers/planets_controller.rb:52
  [1m[35m (0.7ms)[0m  [1m[36mcommit transaction[0m
  ↳ app/controllers/planets_controller.rb:52
Redirected to http://localhost:3000/planets/21
Completed 302 Found in 6ms (ActiveRecord: 1.3ms)


Started GET "/planets/21" for 127.0.0.1 at 2018-10-09 15:27:58 +1100
Processing by PlanetsController#show as HTML
  Parameters: {"id"=>"21"}
  [1m[36mPlanet Load (0.1ms)[0m  [1m[34mSELECT  "planets".* FROM "planets" WHERE "planets"."id" = ? LIMIT ?[0m  [["id", 21], ["LIMIT", 1]]
  ↳ app/controllers/planets_controller.rb:40
  Rendering planets/show.html.erb within layouts/application
  Rendered planets/show.html.erb within layouts/application (0.7ms)
Completed 200 OK in 27ms (Views: 24.2ms | ActiveRecord: 0.1ms)


Started GET "/rails/info/routes" for 127.0.0.1 at 2018-10-09 15:33:43 +1100
Processing by Rails::InfoController#routes as HTML
  Rendering /Users/textchimp/.rvm/gems/ruby-2.4.1/gems/railties-5.2.1/lib/rails/templates/rails/info/routes.html.erb within layouts/application
  Rendered collection of /Users/textchimp/.rvm/gems/ruby-2.4.1/gems/actionpack-5.2.1/lib/action_dispatch/middleware/templates/routes/_route.html.erb [11 times] (4.1ms)
  Rendered /Users/textchimp/.rvm/gems/ruby-2.4.1/gems/actionpack-5.2.1/lib/action_dispatch/middleware/templates/routes/_table.html.erb (1.3ms)
  Rendered /Users/textchimp/.rvm/gems/ruby-2.4.1/gems/railties-5.2.1/lib/rails/templates/rails/info/routes.html.erb within layouts/application (10.4ms)
Completed 200 OK in 19ms (Views: 15.6ms | ActiveRecord: 0.0ms)


Started GET "/rails/info/routes" for 127.0.0.1 at 2018-10-09 15:33:56 +1100
Processing by Rails::InfoController#routes as HTML
  Rendering /Users/textchimp/.rvm/gems/ruby-2.4.1/gems/railties-5.2.1/lib/rails/templates/rails/info/routes.html.erb within layouts/application
  Rendered collection of /Users/textchimp/.rvm/gems/ruby-2.4.1/gems/actionpack-5.2.1/lib/action_dispatch/middleware/templates/routes/_route.html.erb [12 times] (3.7ms)
  Rendered /Users/textchimp/.rvm/gems/ruby-2.4.1/gems/actionpack-5.2.1/lib/action_dispatch/middleware/templates/routes/_table.html.erb (1.4ms)
  Rendered /Users/textchimp/.rvm/gems/ruby-2.4.1/gems/railties-5.2.1/lib/rails/templates/rails/info/routes.html.erb within layouts/application (9.1ms)
Completed 200 OK in 16ms (Views: 13.7ms | ActiveRecord: 0.0ms)


Started GET "/rails/info/routes" for 127.0.0.1 at 2018-10-09 15:35:04 +1100
Processing by Rails::InfoController#routes as HTML
  Rendering /Users/textchimp/.rvm/gems/ruby-2.4.1/gems/railties-5.2.1/lib/rails/templates/rails/info/routes.html.erb within layouts/application
  Rendered collection of /Users/textchimp/.rvm/gems/ruby-2.4.1/gems/actionpack-5.2.1/lib/action_dispatch/middleware/templates/routes/_route.html.erb [12 times] (3.5ms)
  Rendered /Users/textchimp/.rvm/gems/ruby-2.4.1/gems/actionpack-5.2.1/lib/action_dispatch/middleware/templates/routes/_table.html.erb (1.1ms)
  Rendered /Users/textchimp/.rvm/gems/ruby-2.4.1/gems/railties-5.2.1/lib/rails/templates/rails/info/routes.html.erb within layouts/application (8.8ms)
Completed 200 OK in 17ms (Views: 13.6ms | ActiveRecord: 0.0ms)


Started GET "/planets" for 127.0.0.1 at 2018-10-09 15:37:12 +1100
Processing by PlanetsController#index as HTML
  Rendering planets/index.html.erb within layouts/application
  [1m[36mPlanet Load (0.1ms)[0m  [1m[34mSELECT "planets".* FROM "planets"[0m
  ↳ app/views/planets/index.html.erb:5
  Rendered planets/index.html.erb within layouts/application (15.3ms)
Completed 200 OK in 39ms (Views: 34.3ms | ActiveRecord: 0.6ms)


Started GET "/planets/19" for 127.0.0.1 at 2018-10-09 15:37:14 +1100
Processing by PlanetsController#show as HTML
  Parameters: {"id"=>"19"}
  [1m[36mPlanet Load (0.2ms)[0m  [1m[34mSELECT  "planets".* FROM "planets" WHERE "planets"."id" = ? LIMIT ?[0m  [["id", 19], ["LIMIT", 1]]
  ↳ app/controllers/planets_controller.rb:40
  Rendering planets/show.html.erb within layouts/application
  Rendered planets/show.html.erb within layouts/application (1.0ms)
Completed 200 OK in 23ms (Views: 19.7ms | ActiveRecord: 0.2ms)


Started GET "/planets/19/delete" for 127.0.0.1 at 2018-10-09 15:37:17 +1100
Processing by PlanetsController#destroy as HTML
  Parameters: {"id"=>"19"}
  [1m[36mPlanet Load (0.1ms)[0m  [1m[34mSELECT  "planets".* FROM "planets" WHERE "planets"."id" = ? LIMIT ?[0m  [["id", 19], ["LIMIT", 1]]
  ↳ app/controllers/planets_controller.rb:68
  [1m[35m (0.1ms)[0m  [1m[36mbegin transaction[0m
  ↳ app/controllers/planets_controller.rb:69
  [1m[36mPlanet Destroy (0.3ms)[0m  [1m[31mDELETE FROM "planets" WHERE "planets"."id" = ?[0m  [["id", 19]]
  ↳ app/controllers/planets_controller.rb:69
  [1m[35m (0.5ms)[0m  [1m[36mcommit transaction[0m
  ↳ app/controllers/planets_controller.rb:69
Redirected to http://localhost:3000/planets
Completed 302 Found in 4ms (ActiveRecord: 0.9ms)


Started GET "/planets" for 127.0.0.1 at 2018-10-09 15:37:17 +1100
Processing by PlanetsController#index as HTML
  Rendering planets/index.html.erb within layouts/application
  [1m[36mPlanet Load (0.2ms)[0m  [1m[34mSELECT "planets".* FROM "planets"[0m
  ↳ app/views/planets/index.html.erb:5
  Rendered planets/index.html.erb within layouts/application (1.4ms)
Completed 200 OK in 17ms (Views: 15.3ms | ActiveRecord: 0.2ms)


Started GET "/planets/20" for 127.0.0.1 at 2018-10-09 15:39:43 +1100
Processing by PlanetsController#show as HTML
  Parameters: {"id"=>"20"}
  [1m[36mPlanet Load (0.2ms)[0m  [1m[34mSELECT  "planets".* FROM "planets" WHERE "planets"."id" = ? LIMIT ?[0m  [["id", 20], ["LIMIT", 1]]
  ↳ app/controllers/planets_controller.rb:40
  Rendering planets/show.html.erb within layouts/application
  Rendered planets/show.html.erb within layouts/application (1.9ms)
Completed 200 OK in 34ms (Views: 30.1ms | ActiveRecord: 0.2ms)


Started GET "/rails/info/routes" for 127.0.0.1 at 2018-10-09 15:40:35 +1100
Processing by Rails::InfoController#routes as HTML
  Rendering /Users/textchimp/.rvm/gems/ruby-2.4.1/gems/railties-5.2.1/lib/rails/templates/rails/info/routes.html.erb within layouts/application
  Rendered collection of /Users/textchimp/.rvm/gems/ruby-2.4.1/gems/actionpack-5.2.1/lib/action_dispatch/middleware/templates/routes/_route.html.erb [12 times] (4.2ms)
  Rendered /Users/textchimp/.rvm/gems/ruby-2.4.1/gems/actionpack-5.2.1/lib/action_dispatch/middleware/templates/routes/_table.html.erb (1.3ms)
  Rendered /Users/textchimp/.rvm/gems/ruby-2.4.1/gems/railties-5.2.1/lib/rails/templates/rails/info/routes.html.erb within layouts/application (10.5ms)
Completed 200 OK in 20ms (Views: 16.2ms | ActiveRecord: 0.0ms)


Started GET "/rails/info/routes" for 127.0.0.1 at 2018-10-09 15:41:09 +1100
Processing by Rails::InfoController#routes as HTML
  Rendering /Users/textchimp/.rvm/gems/ruby-2.4.1/gems/railties-5.2.1/lib/rails/templates/rails/info/routes.html.erb within layouts/application
  Rendered collection of /Users/textchimp/.rvm/gems/ruby-2.4.1/gems/actionpack-5.2.1/lib/action_dispatch/middleware/templates/routes/_route.html.erb [12 times] (3.1ms)
  Rendered /Users/textchimp/.rvm/gems/ruby-2.4.1/gems/actionpack-5.2.1/lib/action_dispatch/middleware/templates/routes/_table.html.erb (0.9ms)
  Rendered /Users/textchimp/.rvm/gems/ruby-2.4.1/gems/railties-5.2.1/lib/rails/templates/rails/info/routes.html.erb within layouts/application (8.1ms)
Completed 200 OK in 17ms (Views: 14.4ms | ActiveRecord: 0.0ms)


Started GET "/planets/20" for 127.0.0.1 at 2018-10-09 15:42:12 +1100
Processing by PlanetsController#show as HTML
  Parameters: {"id"=>"20"}
  [1m[36mPlanet Load (0.2ms)[0m  [1m[34mSELECT  "planets".* FROM "planets" WHERE "planets"."id" = ? LIMIT ?[0m  [["id", 20], ["LIMIT", 1]]
  ↳ app/controllers/planets_controller.rb:40
  Rendering planets/show.html.erb within layouts/application
  Rendered planets/show.html.erb within layouts/application (1.1ms)
Completed 200 OK in 39ms (Views: 21.9ms | ActiveRecord: 0.6ms)


Started GET "/planets/20/edit" for 127.0.0.1 at 2018-10-09 15:42:19 +1100
Processing by PlanetsController#edit as HTML
  Parameters: {"id"=>"20"}
  [1m[36mPlanet Load (0.2ms)[0m  [1m[34mSELECT  "planets".* FROM "planets" WHERE "planets"."id" = ? LIMIT ?[0m  [["id", 20], ["LIMIT", 1]]
  ↳ app/controllers/planets_controller.rb:45
  Rendering planets/edit.html.erb within layouts/application
  Rendered planets/edit.html.erb within layouts/application (1.2ms)
Completed 200 OK in 28ms (Views: 23.9ms | ActiveRecord: 0.2ms)


Started GET "/planets/20/edit" for 127.0.0.1 at 2018-10-09 15:42:22 +1100
Processing by PlanetsController#edit as HTML
  Parameters: {"id"=>"20"}
  [1m[36mPlanet Load (0.1ms)[0m  [1m[34mSELECT  "planets".* FROM "planets" WHERE "planets"."id" = ? LIMIT ?[0m  [["id", 20], ["LIMIT", 1]]
  ↳ app/controllers/planets_controller.rb:45
  Rendering planets/edit.html.erb within layouts/application
  Rendered planets/edit.html.erb within layouts/application (1.8ms)
Completed 200 OK in 40ms (Views: 36.4ms | ActiveRecord: 0.1ms)


Started GET "/planets/20" for 127.0.0.1 at 2018-10-09 15:45:16 +1100
Processing by PlanetsController#show as HTML
  Parameters: {"id"=>"20"}
  [1m[36mPlanet Load (0.2ms)[0m  [1m[34mSELECT  "planets".* FROM "planets" WHERE "planets"."id" = ? LIMIT ?[0m  [["id", 20], ["LIMIT", 1]]
  ↳ app/controllers/planets_controller.rb:40
  Rendering planets/show.html.erb within layouts/application
  Rendered planets/show.html.erb within layouts/application (1.4ms)
Completed 200 OK in 24ms (Views: 20.4ms | ActiveRecord: 0.2ms)


Started GET "/planets" for 127.0.0.1 at 2018-10-09 15:45:19 +1100
Processing by PlanetsController#index as HTML
  Rendering planets/index.html.erb within layouts/application
  [1m[36mPlanet Load (0.3ms)[0m  [1m[34mSELECT "planets".* FROM "planets"[0m
  ↳ app/views/planets/index.html.erb:5
  Rendered planets/index.html.erb within layouts/application (3.3ms)
Completed 200 OK in 25ms (Views: 23.2ms | ActiveRecord: 0.3ms)


Started GET "/planets/20/edit" for 127.0.0.1 at 2018-10-09 15:45:23 +1100
Processing by PlanetsController#edit as HTML
  Parameters: {"id"=>"20"}
  [1m[36mPlanet Load (0.1ms)[0m  [1m[34mSELECT  "planets".* FROM "planets" WHERE "planets"."id" = ? LIMIT ?[0m  [["id", 20], ["LIMIT", 1]]
  ↳ app/controllers/planets_controller.rb:45
  Rendering planets/edit.html.erb within layouts/application
  Rendered planets/edit.html.erb within layouts/application (1.0ms)
Completed 200 OK in 24ms (Views: 20.8ms | ActiveRecord: 0.1ms)


Started GET "/planets" for 127.0.0.1 at 2018-10-09 15:45:30 +1100
Processing by PlanetsController#index as HTML
  Rendering planets/index.html.erb within layouts/application
  [1m[36mPlanet Load (0.3ms)[0m  [1m[34mSELECT "planets".* FROM "planets"[0m
  ↳ app/views/planets/index.html.erb:5
  Rendered planets/index.html.erb within layouts/application (1.8ms)
Completed 200 OK in 24ms (Views: 22.7ms | ActiveRecord: 0.3ms)


Started GET "/planets/new" for 127.0.0.1 at 2018-10-09 15:45:32 +1100
Processing by PlanetsController#new as HTML
  Rendering planets/new.html.erb within layouts/application
  Rendered planets/new.html.erb within layouts/application (0.6ms)
Completed 200 OK in 27ms (Views: 23.5ms | ActiveRecord: 0.0ms)


Started GET "/planets" for 127.0.0.1 at 2018-10-09 15:45:36 +1100
Processing by PlanetsController#index as HTML
  Rendering planets/index.html.erb within layouts/application
  [1m[36mPlanet Load (0.2ms)[0m  [1m[34mSELECT "planets".* FROM "planets"[0m
  ↳ app/views/planets/index.html.erb:5
  Rendered planets/index.html.erb within layouts/application (1.8ms)
Completed 200 OK in 32ms (Views: 29.6ms | ActiveRecord: 0.2ms)


Started GET "/planets/17" for 127.0.0.1 at 2018-10-09 15:45:39 +1100
Processing by PlanetsController#show as HTML
  Parameters: {"id"=>"17"}
  [1m[36mPlanet Load (0.1ms)[0m  [1m[34mSELECT  "planets".* FROM "planets" WHERE "planets"."id" = ? LIMIT ?[0m  [["id", 17], ["LIMIT", 1]]
  ↳ app/controllers/planets_controller.rb:40
  Rendering planets/show.html.erb within layouts/application
  Rendered planets/show.html.erb within layouts/application (1.5ms)
Completed 200 OK in 23ms (Views: 20.3ms | ActiveRecord: 0.1ms)


Started GET "/planets/17/edit" for 127.0.0.1 at 2018-10-09 15:45:40 +1100
Processing by PlanetsController#edit as HTML
  Parameters: {"id"=>"17"}
  [1m[36mPlanet Load (0.1ms)[0m  [1m[34mSELECT  "planets".* FROM "planets" WHERE "planets"."id" = ? LIMIT ?[0m  [["id", 17], ["LIMIT", 1]]
  ↳ app/controllers/planets_controller.rb:45
  Rendering planets/edit.html.erb within layouts/application
  Rendered planets/edit.html.erb within layouts/application (0.8ms)
Completed 200 OK in 23ms (Views: 21.2ms | ActiveRecord: 0.1ms)


Started POST "/planets/17" for 127.0.0.1 at 2018-10-09 15:45:43 +1100
Processing by PlanetsController#update as HTML
  Parameters: {"name"=>"Earth 2", "image"=>"", "orbit"=>"1.0", "diameter"=>"1.0", "mass"=>"1.0", "temperature"=>"1.0", "moons"=>"1", "id"=>"17"}
  [1m[36mPlanet Load (0.1ms)[0m  [1m[34mSELECT  "planets".* FROM "planets" WHERE "planets"."id" = ? LIMIT ?[0m  [["id", 17], ["LIMIT", 1]]
  ↳ app/controllers/planets_controller.rb:51
  [1m[35m (0.0ms)[0m  [1m[36mbegin transaction[0m
  ↳ app/controllers/planets_controller.rb:52
  [1m[36mPlanet Update (0.2ms)[0m  [1m[33mUPDATE "planets" SET "name" = ?, "image" = ?, "updated_at" = ? WHERE "planets"."id" = ?[0m  [["name", "Earth 2"], ["image", ""], ["updated_at", "2018-10-09 04:45:43.978883"], ["id", 17]]
  ↳ app/controllers/planets_controller.rb:52
  [1m[35m (1.0ms)[0m  [1m[36mcommit transaction[0m
  ↳ app/controllers/planets_controller.rb:52
Redirected to http://localhost:3000/planets/17
Completed 302 Found in 5ms (ActiveRecord: 1.3ms)


Started GET "/planets/17" for 127.0.0.1 at 2018-10-09 15:45:43 +1100
Processing by PlanetsController#show as HTML
  Parameters: {"id"=>"17"}
  [1m[36mPlanet Load (0.1ms)[0m  [1m[34mSELECT  "planets".* FROM "planets" WHERE "planets"."id" = ? LIMIT ?[0m  [["id", 17], ["LIMIT", 1]]
  ↳ app/controllers/planets_controller.rb:40
  Rendering planets/show.html.erb within layouts/application
  Rendered planets/show.html.erb within layouts/application (1.1ms)
Completed 200 OK in 17ms (Views: 15.0ms | ActiveRecord: 0.1ms)


Started GET "/planets" for 127.0.0.1 at 2018-10-09 15:45:47 +1100
Processing by PlanetsController#index as HTML
  Rendering planets/index.html.erb within layouts/application
  [1m[36mPlanet Load (0.2ms)[0m  [1m[34mSELECT "planets".* FROM "planets"[0m
  ↳ app/views/planets/index.html.erb:5
  Rendered planets/index.html.erb within layouts/application (2.0ms)
Completed 200 OK in 23ms (Views: 21.7ms | ActiveRecord: 0.2ms)


Started GET "/planets/21" for 127.0.0.1 at 2018-10-09 15:45:48 +1100
Processing by PlanetsController#show as HTML
  Parameters: {"id"=>"21"}
  [1m[36mPlanet Load (0.1ms)[0m  [1m[34mSELECT  "planets".* FROM "planets" WHERE "planets"."id" = ? LIMIT ?[0m  [["id", 21], ["LIMIT", 1]]
  ↳ app/controllers/planets_controller.rb:40
  Rendering planets/show.html.erb within layouts/application
  Rendered planets/show.html.erb within layouts/application (1.2ms)
Completed 200 OK in 22ms (Views: 19.2ms | ActiveRecord: 0.1ms)


Started GET "/rails/info/routes" for 127.0.0.1 at 2018-10-09 19:43:46 +1100
  [1m[35m (0.5ms)[0m  [1m[34mSELECT "schema_migrations"."version" FROM "schema_migrations" ORDER BY "schema_migrations"."version" ASC[0m
  ↳ /Users/textchimp/.rvm/gems/ruby-2.4.1/gems/activerecord-5.2.1/lib/active_record/log_subscriber.rb:98
Processing by Rails::InfoController#routes as HTML
  Rendering /Users/textchimp/.rvm/gems/ruby-2.4.1/gems/railties-5.2.1/lib/rails/templates/rails/info/routes.html.erb within layouts/application
  Rendered collection of /Users/textchimp/.rvm/gems/ruby-2.4.1/gems/actionpack-5.2.1/lib/action_dispatch/middleware/templates/routes/_route.html.erb [12 times] (2.4ms)
  Rendered /Users/textchimp/.rvm/gems/ruby-2.4.1/gems/actionpack-5.2.1/lib/action_dispatch/middleware/templates/routes/_table.html.erb (5.3ms)
  Rendered /Users/textchimp/.rvm/gems/ruby-2.4.1/gems/railties-5.2.1/lib/rails/templates/rails/info/routes.html.erb within layouts/application (12.8ms)
Completed 200 OK in 31ms (Views: 20.3ms | ActiveRecord: 0.0ms)


